{"/home/tiago/Projetos/Estudo/SchoolOfNet/tests/AVA/api-test-ava/src/app.ts":{"path":"/home/tiago/Projetos/Estudo/SchoolOfNet/tests/AVA/api-test-ava/src/app.ts","statementMap":{"0":{"start":{"line":2,"column":16},"end":{"line":10,"column":1}},"1":{"start":{"line":3,"column":28},"end":{"line":3,"column":110}},"2":{"start":{"line":3,"column":91},"end":{"line":3,"column":106}},"3":{"start":{"line":4,"column":4},"end":{"line":9,"column":7}},"4":{"start":{"line":5,"column":36},"end":{"line":5,"column":97}},"5":{"start":{"line":5,"column":42},"end":{"line":5,"column":70}},"6":{"start":{"line":5,"column":85},"end":{"line":5,"column":95}},"7":{"start":{"line":6,"column":35},"end":{"line":6,"column":100}},"8":{"start":{"line":6,"column":41},"end":{"line":6,"column":73}},"9":{"start":{"line":6,"column":88},"end":{"line":6,"column":98}},"10":{"start":{"line":7,"column":32},"end":{"line":7,"column":116}},"11":{"start":{"line":8,"column":8},"end":{"line":8,"column":78}},"12":{"start":{"line":11,"column":18},"end":{"line":37,"column":1}},"13":{"start":{"line":12,"column":12},"end":{"line":12,"column":104}},"14":{"start":{"line":12,"column":43},"end":{"line":12,"column":68}},"15":{"start":{"line":12,"column":57},"end":{"line":12,"column":68}},"16":{"start":{"line":12,"column":69},"end":{"line":12,"column":81}},"17":{"start":{"line":13,"column":4},"end":{"line":13,"column":157}},"18":{"start":{"line":13,"column":138},"end":{"line":13,"column":150}},"19":{"start":{"line":14,"column":23},"end":{"line":14,"column":68}},"20":{"start":{"line":14,"column":45},"end":{"line":14,"column":65}},"21":{"start":{"line":16,"column":8},"end":{"line":16,"column":70}},"22":{"start":{"line":16,"column":15},"end":{"line":16,"column":70}},"23":{"start":{"line":17,"column":8},"end":{"line":34,"column":66}},"24":{"start":{"line":17,"column":18},"end":{"line":34,"column":66}},"25":{"start":{"line":18,"column":12},"end":{"line":18,"column":169}},"26":{"start":{"line":18,"column":160},"end":{"line":18,"column":169}},"27":{"start":{"line":19,"column":12},"end":{"line":19,"column":52}},"28":{"start":{"line":19,"column":26},"end":{"line":19,"column":52}},"29":{"start":{"line":20,"column":12},"end":{"line":32,"column":13}},"30":{"start":{"line":21,"column":32},"end":{"line":21,"column":39}},"31":{"start":{"line":21,"column":40},"end":{"line":21,"column":46}},"32":{"start":{"line":22,"column":24},"end":{"line":22,"column":34}},"33":{"start":{"line":22,"column":35},"end":{"line":22,"column":72}},"34":{"start":{"line":23,"column":24},"end":{"line":23,"column":34}},"35":{"start":{"line":23,"column":35},"end":{"line":23,"column":45}},"36":{"start":{"line":23,"column":46},"end":{"line":23,"column":55}},"37":{"start":{"line":23,"column":56},"end":{"line":23,"column":65}},"38":{"start":{"line":24,"column":24},"end":{"line":24,"column":41}},"39":{"start":{"line":24,"column":42},"end":{"line":24,"column":55}},"40":{"start":{"line":24,"column":56},"end":{"line":24,"column":65}},"41":{"start":{"line":26,"column":20},"end":{"line":26,"column":128}},"42":{"start":{"line":26,"column":110},"end":{"line":26,"column":116}},"43":{"start":{"line":26,"column":117},"end":{"line":26,"column":126}},"44":{"start":{"line":27,"column":20},"end":{"line":27,"column":106}},"45":{"start":{"line":27,"column":81},"end":{"line":27,"column":97}},"46":{"start":{"line":27,"column":98},"end":{"line":27,"column":104}},"47":{"start":{"line":28,"column":20},"end":{"line":28,"column":89}},"48":{"start":{"line":28,"column":57},"end":{"line":28,"column":72}},"49":{"start":{"line":28,"column":73},"end":{"line":28,"column":80}},"50":{"start":{"line":28,"column":81},"end":{"line":28,"column":87}},"51":{"start":{"line":29,"column":20},"end":{"line":29,"column":87}},"52":{"start":{"line":29,"column":47},"end":{"line":29,"column":62}},"53":{"start":{"line":29,"column":63},"end":{"line":29,"column":78}},"54":{"start":{"line":29,"column":79},"end":{"line":29,"column":85}},"55":{"start":{"line":30,"column":20},"end":{"line":30,"column":42}},"56":{"start":{"line":30,"column":30},"end":{"line":30,"column":42}},"57":{"start":{"line":31,"column":20},"end":{"line":31,"column":33}},"58":{"start":{"line":31,"column":34},"end":{"line":31,"column":43}},"59":{"start":{"line":33,"column":12},"end":{"line":33,"column":39}},"60":{"start":{"line":34,"column":22},"end":{"line":34,"column":34}},"61":{"start":{"line":34,"column":35},"end":{"line":34,"column":41}},"62":{"start":{"line":34,"column":54},"end":{"line":34,"column":64}},"63":{"start":{"line":35,"column":8},"end":{"line":35,"column":35}},"64":{"start":{"line":35,"column":23},"end":{"line":35,"column":35}},"65":{"start":{"line":35,"column":36},"end":{"line":35,"column":89}},"66":{"start":{"line":38,"column":22},"end":{"line":40,"column":1}},"67":{"start":{"line":39,"column":4},"end":{"line":39,"column":62}},"68":{"start":{"line":41,"column":0},"end":{"line":41,"column":62}},"69":{"start":{"line":42,"column":16},"end":{"line":42,"column":51}},"70":{"start":{"line":43,"column":0},"end":{"line":43,"column":32}},"71":{"start":{"line":44,"column":15},"end":{"line":44,"column":34}},"72":{"start":{"line":45,"column":0},"end":{"line":45,"column":28}},"73":{"start":{"line":46,"column":13},"end":{"line":46,"column":45}},"74":{"start":{"line":47,"column":10},"end":{"line":47,"column":29}},"75":{"start":{"line":48,"column":0},"end":{"line":48,"column":26}},"76":{"start":{"line":49,"column":0},"end":{"line":49,"column":34}},"77":{"start":{"line":50,"column":0},"end":{"line":50,"column":25}},"78":{"start":{"line":51,"column":0},"end":{"line":63,"column":7}},"79":{"start":{"line":51,"column":41},"end":{"line":63,"column":3}},"80":{"start":{"line":52,"column":4},"end":{"line":62,"column":7}},"81":{"start":{"line":53,"column":8},"end":{"line":57,"column":9}},"82":{"start":{"line":54,"column":12},"end":{"line":56,"column":20}},"83":{"start":{"line":58,"column":8},"end":{"line":61,"column":16}},"84":{"start":{"line":64,"column":0},"end":{"line":64,"column":17}},"85":{"start":{"line":65,"column":0},"end":{"line":65,"column":22}}},"fnMap":{"0":{"name":"(anonymous_0)","decl":{"start":{"line":2,"column":44},"end":{"line":2,"column":45}},"loc":{"start":{"line":2,"column":89},"end":{"line":10,"column":1}},"line":2},"1":{"name":"adopt","decl":{"start":{"line":3,"column":13},"end":{"line":3,"column":18}},"loc":{"start":{"line":3,"column":26},"end":{"line":3,"column":112}},"line":3},"2":{"name":"(anonymous_2)","decl":{"start":{"line":3,"column":70},"end":{"line":3,"column":71}},"loc":{"start":{"line":3,"column":89},"end":{"line":3,"column":108}},"line":3},"3":{"name":"(anonymous_3)","decl":{"start":{"line":4,"column":36},"end":{"line":4,"column":37}},"loc":{"start":{"line":4,"column":63},"end":{"line":9,"column":5}},"line":4},"4":{"name":"fulfilled","decl":{"start":{"line":5,"column":17},"end":{"line":5,"column":26}},"loc":{"start":{"line":5,"column":34},"end":{"line":5,"column":99}},"line":5},"5":{"name":"rejected","decl":{"start":{"line":6,"column":17},"end":{"line":6,"column":25}},"loc":{"start":{"line":6,"column":33},"end":{"line":6,"column":102}},"line":6},"6":{"name":"step","decl":{"start":{"line":7,"column":17},"end":{"line":7,"column":21}},"loc":{"start":{"line":7,"column":30},"end":{"line":7,"column":118}},"line":7},"7":{"name":"(anonymous_7)","decl":{"start":{"line":11,"column":48},"end":{"line":11,"column":49}},"loc":{"start":{"line":11,"column":73},"end":{"line":37,"column":1}},"line":11},"8":{"name":"(anonymous_8)","decl":{"start":{"line":12,"column":30},"end":{"line":12,"column":31}},"loc":{"start":{"line":12,"column":41},"end":{"line":12,"column":83}},"line":12},"9":{"name":"(anonymous_9)","decl":{"start":{"line":13,"column":125},"end":{"line":13,"column":126}},"loc":{"start":{"line":13,"column":136},"end":{"line":13,"column":152}},"line":13},"10":{"name":"verb","decl":{"start":{"line":14,"column":13},"end":{"line":14,"column":17}},"loc":{"start":{"line":14,"column":21},"end":{"line":14,"column":70}},"line":14},"11":{"name":"(anonymous_11)","decl":{"start":{"line":14,"column":30},"end":{"line":14,"column":31}},"loc":{"start":{"line":14,"column":43},"end":{"line":14,"column":67}},"line":14},"12":{"name":"step","decl":{"start":{"line":15,"column":13},"end":{"line":15,"column":17}},"loc":{"start":{"line":15,"column":22},"end":{"line":36,"column":5}},"line":15},"13":{"name":"(anonymous_13)","decl":{"start":{"line":38,"column":56},"end":{"line":38,"column":57}},"loc":{"start":{"line":38,"column":71},"end":{"line":40,"column":1}},"line":38},"14":{"name":"(anonymous_14)","decl":{"start":{"line":51,"column":8},"end":{"line":51,"column":9}},"loc":{"start":{"line":51,"column":39},"end":{"line":63,"column":5}},"line":51},"15":{"name":"(anonymous_15)","decl":{"start":{"line":51,"column":82},"end":{"line":51,"column":83}},"loc":{"start":{"line":51,"column":94},"end":{"line":63,"column":1}},"line":51},"16":{"name":"(anonymous_16)","decl":{"start":{"line":52,"column":29},"end":{"line":52,"column":30}},"loc":{"start":{"line":52,"column":43},"end":{"line":62,"column":5}},"line":52}},"branchMap":{"0":{"loc":{"start":{"line":2,"column":16},"end":{"line":10,"column":1}},"type":"binary-expr","locations":[{"start":{"line":2,"column":17},"end":{"line":2,"column":21}},{"start":{"line":2,"column":25},"end":{"line":2,"column":39}},{"start":{"line":2,"column":44},"end":{"line":10,"column":1}}],"line":2},"1":{"loc":{"start":{"line":3,"column":35},"end":{"line":3,"column":109}},"type":"cond-expr","locations":[{"start":{"line":3,"column":56},"end":{"line":3,"column":61}},{"start":{"line":3,"column":64},"end":{"line":3,"column":109}}],"line":3},"2":{"loc":{"start":{"line":4,"column":16},"end":{"line":4,"column":34}},"type":"binary-expr","locations":[{"start":{"line":4,"column":16},"end":{"line":4,"column":17}},{"start":{"line":4,"column":22},"end":{"line":4,"column":33}}],"line":4},"3":{"loc":{"start":{"line":7,"column":32},"end":{"line":7,"column":115}},"type":"cond-expr","locations":[{"start":{"line":7,"column":46},"end":{"line":7,"column":67}},{"start":{"line":7,"column":70},"end":{"line":7,"column":115}}],"line":7},"4":{"loc":{"start":{"line":8,"column":51},"end":{"line":8,"column":67}},"type":"binary-expr","locations":[{"start":{"line":8,"column":51},"end":{"line":8,"column":61}},{"start":{"line":8,"column":65},"end":{"line":8,"column":67}}],"line":8},"5":{"loc":{"start":{"line":11,"column":18},"end":{"line":37,"column":1}},"type":"binary-expr","locations":[{"start":{"line":11,"column":19},"end":{"line":11,"column":23}},{"start":{"line":11,"column":27},"end":{"line":11,"column":43}},{"start":{"line":11,"column":48},"end":{"line":37,"column":1}}],"line":11},"6":{"loc":{"start":{"line":12,"column":43},"end":{"line":12,"column":68}},"type":"if","locations":[{"start":{"line":12,"column":43},"end":{"line":12,"column":68}},{"start":{"line":12,"column":43},"end":{"line":12,"column":68}}],"line":12},"7":{"loc":{"start":{"line":13,"column":71},"end":{"line":13,"column":153}},"type":"binary-expr","locations":[{"start":{"line":13,"column":71},"end":{"line":13,"column":99}},{"start":{"line":13,"column":104},"end":{"line":13,"column":152}}],"line":13},"8":{"loc":{"start":{"line":16,"column":8},"end":{"line":16,"column":70}},"type":"if","locations":[{"start":{"line":16,"column":8},"end":{"line":16,"column":70}},{"start":{"line":16,"column":8},"end":{"line":16,"column":70}}],"line":16},"9":{"loc":{"start":{"line":18,"column":12},"end":{"line":18,"column":169}},"type":"if","locations":[{"start":{"line":18,"column":12},"end":{"line":18,"column":169}},{"start":{"line":18,"column":12},"end":{"line":18,"column":169}}],"line":18},"10":{"loc":{"start":{"line":18,"column":23},"end":{"line":18,"column":158}},"type":"binary-expr","locations":[{"start":{"line":18,"column":23},"end":{"line":18,"column":24}},{"start":{"line":18,"column":29},"end":{"line":18,"column":125}},{"start":{"line":18,"column":130},"end":{"line":18,"column":158}}],"line":18},"11":{"loc":{"start":{"line":18,"column":33},"end":{"line":18,"column":125}},"type":"cond-expr","locations":[{"start":{"line":18,"column":45},"end":{"line":18,"column":56}},{"start":{"line":18,"column":59},"end":{"line":18,"column":125}}],"line":18},"12":{"loc":{"start":{"line":18,"column":59},"end":{"line":18,"column":125}},"type":"cond-expr","locations":[{"start":{"line":18,"column":67},"end":{"line":18,"column":116}},{"start":{"line":18,"column":119},"end":{"line":18,"column":125}}],"line":18},"13":{"loc":{"start":{"line":18,"column":67},"end":{"line":18,"column":116}},"type":"binary-expr","locations":[{"start":{"line":18,"column":67},"end":{"line":18,"column":77}},{"start":{"line":18,"column":82},"end":{"line":18,"column":115}}],"line":18},"14":{"loc":{"start":{"line":18,"column":82},"end":{"line":18,"column":112}},"type":"binary-expr","locations":[{"start":{"line":18,"column":83},"end":{"line":18,"column":98}},{"start":{"line":18,"column":103},"end":{"line":18,"column":112}}],"line":18},"15":{"loc":{"start":{"line":19,"column":12},"end":{"line":19,"column":52}},"type":"if","locations":[{"start":{"line":19,"column":12},"end":{"line":19,"column":52}},{"start":{"line":19,"column":12},"end":{"line":19,"column":52}}],"line":19},"16":{"loc":{"start":{"line":20,"column":12},"end":{"line":32,"column":13}},"type":"switch","locations":[{"start":{"line":21,"column":16},"end":{"line":21,"column":23}},{"start":{"line":21,"column":24},"end":{"line":21,"column":46}},{"start":{"line":22,"column":16},"end":{"line":22,"column":72}},{"start":{"line":23,"column":16},"end":{"line":23,"column":65}},{"start":{"line":24,"column":16},"end":{"line":24,"column":65}},{"start":{"line":25,"column":16},"end":{"line":31,"column":43}}],"line":20},"17":{"loc":{"start":{"line":26,"column":20},"end":{"line":26,"column":128}},"type":"if","locations":[{"start":{"line":26,"column":20},"end":{"line":26,"column":128}},{"start":{"line":26,"column":20},"end":{"line":26,"column":128}}],"line":26},"18":{"loc":{"start":{"line":26,"column":24},"end":{"line":26,"column":106}},"type":"binary-expr","locations":[{"start":{"line":26,"column":24},"end":{"line":26,"column":74}},{"start":{"line":26,"column":79},"end":{"line":26,"column":90}},{"start":{"line":26,"column":94},"end":{"line":26,"column":105}}],"line":26},"19":{"loc":{"start":{"line":26,"column":42},"end":{"line":26,"column":73}},"type":"binary-expr","locations":[{"start":{"line":26,"column":42},"end":{"line":26,"column":54}},{"start":{"line":26,"column":58},"end":{"line":26,"column":73}}],"line":26},"20":{"loc":{"start":{"line":27,"column":20},"end":{"line":27,"column":106}},"type":"if","locations":[{"start":{"line":27,"column":20},"end":{"line":27,"column":106}},{"start":{"line":27,"column":20},"end":{"line":27,"column":106}}],"line":27},"21":{"loc":{"start":{"line":27,"column":24},"end":{"line":27,"column":77}},"type":"binary-expr","locations":[{"start":{"line":27,"column":24},"end":{"line":27,"column":35}},{"start":{"line":27,"column":40},"end":{"line":27,"column":42}},{"start":{"line":27,"column":47},"end":{"line":27,"column":59}},{"start":{"line":27,"column":63},"end":{"line":27,"column":75}}],"line":27},"22":{"loc":{"start":{"line":28,"column":20},"end":{"line":28,"column":89}},"type":"if","locations":[{"start":{"line":28,"column":20},"end":{"line":28,"column":89}},{"start":{"line":28,"column":20},"end":{"line":28,"column":89}}],"line":28},"23":{"loc":{"start":{"line":28,"column":24},"end":{"line":28,"column":53}},"type":"binary-expr","locations":[{"start":{"line":28,"column":24},"end":{"line":28,"column":35}},{"start":{"line":28,"column":39},"end":{"line":28,"column":53}}],"line":28},"24":{"loc":{"start":{"line":29,"column":20},"end":{"line":29,"column":87}},"type":"if","locations":[{"start":{"line":29,"column":20},"end":{"line":29,"column":87}},{"start":{"line":29,"column":20},"end":{"line":29,"column":87}}],"line":29},"25":{"loc":{"start":{"line":29,"column":24},"end":{"line":29,"column":43}},"type":"binary-expr","locations":[{"start":{"line":29,"column":24},"end":{"line":29,"column":25}},{"start":{"line":29,"column":29},"end":{"line":29,"column":43}}],"line":29},"26":{"loc":{"start":{"line":30,"column":20},"end":{"line":30,"column":42}},"type":"if","locations":[{"start":{"line":30,"column":20},"end":{"line":30,"column":42}},{"start":{"line":30,"column":20},"end":{"line":30,"column":42}}],"line":30},"27":{"loc":{"start":{"line":35,"column":8},"end":{"line":35,"column":35}},"type":"if","locations":[{"start":{"line":35,"column":8},"end":{"line":35,"column":35}},{"start":{"line":35,"column":8},"end":{"line":35,"column":35}}],"line":35},"28":{"loc":{"start":{"line":35,"column":52},"end":{"line":35,"column":74}},"type":"cond-expr","locations":[{"start":{"line":35,"column":60},"end":{"line":35,"column":65}},{"start":{"line":35,"column":68},"end":{"line":35,"column":74}}],"line":35},"29":{"loc":{"start":{"line":38,"column":22},"end":{"line":40,"column":1}},"type":"binary-expr","locations":[{"start":{"line":38,"column":23},"end":{"line":38,"column":27}},{"start":{"line":38,"column":31},"end":{"line":38,"column":51}},{"start":{"line":38,"column":56},"end":{"line":40,"column":1}}],"line":38},"30":{"loc":{"start":{"line":39,"column":11},"end":{"line":39,"column":61}},"type":"cond-expr","locations":[{"start":{"line":39,"column":37},"end":{"line":39,"column":40}},{"start":{"line":39,"column":43},"end":{"line":39,"column":61}}],"line":39},"31":{"loc":{"start":{"line":39,"column":12},"end":{"line":39,"column":33}},"type":"binary-expr","locations":[{"start":{"line":39,"column":12},"end":{"line":39,"column":15}},{"start":{"line":39,"column":19},"end":{"line":39,"column":33}}],"line":39},"32":{"loc":{"start":{"line":53,"column":8},"end":{"line":57,"column":9}},"type":"if","locations":[{"start":{"line":53,"column":8},"end":{"line":57,"column":9}},{"start":{"line":53,"column":8},"end":{"line":57,"column":9}}],"line":53}},"s":{"0":1,"1":0,"2":0,"3":1,"4":0,"5":0,"6":0,"7":0,"8":0,"9":0,"10":1,"11":1,"12":1,"13":1,"14":0,"15":0,"16":0,"17":1,"18":0,"19":3,"20":1,"21":1,"22":0,"23":1,"24":2,"25":2,"26":0,"27":2,"28":0,"29":2,"30":1,"31":1,"32":0,"33":0,"34":0,"35":0,"36":0,"37":0,"38":0,"39":0,"40":0,"41":1,"42":1,"43":1,"44":0,"45":0,"46":0,"47":0,"48":0,"49":0,"50":0,"51":0,"52":0,"53":0,"54":0,"55":0,"56":0,"57":0,"58":0,"59":1,"60":0,"61":0,"62":2,"63":1,"64":0,"65":1,"66":1,"67":2,"68":1,"69":1,"70":1,"71":1,"72":1,"73":1,"74":1,"75":1,"76":1,"77":1,"78":1,"79":1,"80":1,"81":1,"82":1,"83":0,"84":1,"85":1},"f":{"0":1,"1":0,"2":0,"3":1,"4":0,"5":0,"6":1,"7":1,"8":0,"9":0,"10":3,"11":1,"12":1,"13":2,"14":1,"15":1,"16":1},"b":{"0":[1,1,1],"1":[0,0],"2":[1,1],"3":[1,0],"4":[1,1],"5":[1,1,1],"6":[0,0],"7":[1,1],"8":[0,1],"9":[0,2],"10":[2,0,0],"11":[0,0],"12":[0,0],"13":[0,0],"14":[0,0],"15":[0,2],"16":[1,1,0,0,0,1],"17":[1,0],"18":[1,1,1],"19":[1,0],"20":[0,0],"21":[0,0,0,0],"22":[0,0],"23":[0,0],"24":[0,0],"25":[0,0],"26":[0,0],"27":[0,1],"28":[1,0],"29":[1,1,1],"30":[0,2],"31":[2,2],"32":[1,0]},"inputSourceMap":{"version":3,"file":"/home/tiago/Projetos/Estudo/SchoolOfNet/tests/AVA/api-test-ava/src/app.ts","sources":["/home/tiago/Projetos/Estudo/SchoolOfNet/tests/AVA/api-test-ava/src/app.ts"],"names":[],"mappings":";;;;;;;;;;;;;;;;;;;;;;;;;;;;;;;;;;;;;;;;;AAAA,oDAAmE;AACnE,gCAA8B;AAC9B,mCAAkC;AAClC,4BAA0B;AAC1B,8CAAwB;AAExB,IAAM,GAAG,GAAG,iBAAO,EAAE,CAAC;AAEtB,GAAG,CAAC,GAAG,CAAC,cAAI,EAAE,CAAC,CAAC;AAChB,GAAG,CAAC,GAAG,CAAC,iBAAO,CAAC,IAAI,EAAE,CAAC,CAAC;AACxB,GAAG,CAAC,GAAG,CAAC,eAAM,CAAC,CAAC;AAChB,GAAG,CAAC,GAAG,CAAC,UAAO,GAAU,EAAE,GAAY,EAAE,GAAa,EAAE,IAAkB;;QACxE,IAAI,GAAG,YAAY,KAAK,EAAE;YACxB,sBAAO,GAAG,CAAC,MAAM,CAAC,GAAG,CAAC,CAAC,IAAI,CAAC;oBAC1B,KAAK,EAAE,GAAG,CAAC,OAAO;iBACnB,CAAC,EAAC;SACJ;QAED,sBAAO,GAAG,CAAC,MAAM,CAAC,GAAG,CAAC,CAAC,IAAI,CAAC;gBAC1B,MAAM,EAAE,OAAO;gBACf,OAAO,EAAE,uBAAuB;aACjC,CAAC,EAAC;;KACJ,CAAC,CAAC;AAEH,GAAG,CAAC,MAAM,CAAC,IAAI,CAAC,CAAC;AAEjB,kBAAe,GAAG,CAAC","sourcesContent":["import express, { NextFunction, Request, Response } from \"express\";\nimport \"express-async-errors\";\nimport { router } from \"./routes\";\nimport \"./database/index\";\nimport cors from \"cors\";\n\nconst app = express();\n\napp.use(cors());\napp.use(express.json());\napp.use(router);\napp.use(async (err: Error, req: Request, res: Response, next: NextFunction) => {\n  if (err instanceof Error) {\n    return res.status(400).json({\n      error: err.message,\n    });\n  }\n\n  return res.status(500).json({\n    status: \"error\",\n    message: \"Internal Server Error\",\n  });\n});\n\napp.listen(3000);\n\nexport default app;\n"]},"_coverageSchema":"1a1c01bbd47fc00a2c39e90264f33305004495a9","hash":"0ff9280e0730033eafca51aa0e30faa23083b3bc","contentHash":"037b2b0a18cf8c8b22d75805ec1a3cd949cd76ef00990cfde408c3dcb689aeb5"},"/home/tiago/Projetos/Estudo/SchoolOfNet/tests/AVA/api-test-ava/src/routes.ts":{"path":"/home/tiago/Projetos/Estudo/SchoolOfNet/tests/AVA/api-test-ava/src/routes.ts","statementMap":{"0":{"start":{"line":2,"column":16},"end":{"line":10,"column":1}},"1":{"start":{"line":3,"column":28},"end":{"line":3,"column":110}},"2":{"start":{"line":3,"column":91},"end":{"line":3,"column":106}},"3":{"start":{"line":4,"column":4},"end":{"line":9,"column":7}},"4":{"start":{"line":5,"column":36},"end":{"line":5,"column":97}},"5":{"start":{"line":5,"column":42},"end":{"line":5,"column":70}},"6":{"start":{"line":5,"column":85},"end":{"line":5,"column":95}},"7":{"start":{"line":6,"column":35},"end":{"line":6,"column":100}},"8":{"start":{"line":6,"column":41},"end":{"line":6,"column":73}},"9":{"start":{"line":6,"column":88},"end":{"line":6,"column":98}},"10":{"start":{"line":7,"column":32},"end":{"line":7,"column":116}},"11":{"start":{"line":8,"column":8},"end":{"line":8,"column":78}},"12":{"start":{"line":11,"column":18},"end":{"line":37,"column":1}},"13":{"start":{"line":12,"column":12},"end":{"line":12,"column":104}},"14":{"start":{"line":12,"column":43},"end":{"line":12,"column":68}},"15":{"start":{"line":12,"column":57},"end":{"line":12,"column":68}},"16":{"start":{"line":12,"column":69},"end":{"line":12,"column":81}},"17":{"start":{"line":13,"column":4},"end":{"line":13,"column":157}},"18":{"start":{"line":13,"column":138},"end":{"line":13,"column":150}},"19":{"start":{"line":14,"column":23},"end":{"line":14,"column":68}},"20":{"start":{"line":14,"column":45},"end":{"line":14,"column":65}},"21":{"start":{"line":16,"column":8},"end":{"line":16,"column":70}},"22":{"start":{"line":16,"column":15},"end":{"line":16,"column":70}},"23":{"start":{"line":17,"column":8},"end":{"line":34,"column":66}},"24":{"start":{"line":17,"column":18},"end":{"line":34,"column":66}},"25":{"start":{"line":18,"column":12},"end":{"line":18,"column":169}},"26":{"start":{"line":18,"column":160},"end":{"line":18,"column":169}},"27":{"start":{"line":19,"column":12},"end":{"line":19,"column":52}},"28":{"start":{"line":19,"column":26},"end":{"line":19,"column":52}},"29":{"start":{"line":20,"column":12},"end":{"line":32,"column":13}},"30":{"start":{"line":21,"column":32},"end":{"line":21,"column":39}},"31":{"start":{"line":21,"column":40},"end":{"line":21,"column":46}},"32":{"start":{"line":22,"column":24},"end":{"line":22,"column":34}},"33":{"start":{"line":22,"column":35},"end":{"line":22,"column":72}},"34":{"start":{"line":23,"column":24},"end":{"line":23,"column":34}},"35":{"start":{"line":23,"column":35},"end":{"line":23,"column":45}},"36":{"start":{"line":23,"column":46},"end":{"line":23,"column":55}},"37":{"start":{"line":23,"column":56},"end":{"line":23,"column":65}},"38":{"start":{"line":24,"column":24},"end":{"line":24,"column":41}},"39":{"start":{"line":24,"column":42},"end":{"line":24,"column":55}},"40":{"start":{"line":24,"column":56},"end":{"line":24,"column":65}},"41":{"start":{"line":26,"column":20},"end":{"line":26,"column":128}},"42":{"start":{"line":26,"column":110},"end":{"line":26,"column":116}},"43":{"start":{"line":26,"column":117},"end":{"line":26,"column":126}},"44":{"start":{"line":27,"column":20},"end":{"line":27,"column":106}},"45":{"start":{"line":27,"column":81},"end":{"line":27,"column":97}},"46":{"start":{"line":27,"column":98},"end":{"line":27,"column":104}},"47":{"start":{"line":28,"column":20},"end":{"line":28,"column":89}},"48":{"start":{"line":28,"column":57},"end":{"line":28,"column":72}},"49":{"start":{"line":28,"column":73},"end":{"line":28,"column":80}},"50":{"start":{"line":28,"column":81},"end":{"line":28,"column":87}},"51":{"start":{"line":29,"column":20},"end":{"line":29,"column":87}},"52":{"start":{"line":29,"column":47},"end":{"line":29,"column":62}},"53":{"start":{"line":29,"column":63},"end":{"line":29,"column":78}},"54":{"start":{"line":29,"column":79},"end":{"line":29,"column":85}},"55":{"start":{"line":30,"column":20},"end":{"line":30,"column":42}},"56":{"start":{"line":30,"column":30},"end":{"line":30,"column":42}},"57":{"start":{"line":31,"column":20},"end":{"line":31,"column":33}},"58":{"start":{"line":31,"column":34},"end":{"line":31,"column":43}},"59":{"start":{"line":33,"column":12},"end":{"line":33,"column":39}},"60":{"start":{"line":34,"column":22},"end":{"line":34,"column":34}},"61":{"start":{"line":34,"column":35},"end":{"line":34,"column":41}},"62":{"start":{"line":34,"column":54},"end":{"line":34,"column":64}},"63":{"start":{"line":35,"column":8},"end":{"line":35,"column":35}},"64":{"start":{"line":35,"column":23},"end":{"line":35,"column":35}},"65":{"start":{"line":35,"column":36},"end":{"line":35,"column":89}},"66":{"start":{"line":38,"column":22},"end":{"line":40,"column":1}},"67":{"start":{"line":39,"column":4},"end":{"line":39,"column":62}},"68":{"start":{"line":41,"column":0},"end":{"line":41,"column":62}},"69":{"start":{"line":42,"column":0},"end":{"line":42,"column":24}},"70":{"start":{"line":43,"column":16},"end":{"line":43,"column":34}},"71":{"start":{"line":44,"column":29},"end":{"line":44,"column":110}},"72":{"start":{"line":45,"column":13},"end":{"line":45,"column":31}},"73":{"start":{"line":46,"column":0},"end":{"line":46,"column":24}},"74":{"start":{"line":47,"column":0},"end":{"line":51,"column":7}},"75":{"start":{"line":47,"column":38},"end":{"line":51,"column":3}},"76":{"start":{"line":48,"column":4},"end":{"line":50,"column":7}},"77":{"start":{"line":49,"column":8},"end":{"line":49,"column":58}},"78":{"start":{"line":52,"column":0},"end":{"line":52,"column":61}},"79":{"start":{"line":53,"column":0},"end":{"line":53,"column":56}},"80":{"start":{"line":54,"column":0},"end":{"line":54,"column":60}},"81":{"start":{"line":55,"column":0},"end":{"line":55,"column":66}}},"fnMap":{"0":{"name":"(anonymous_0)","decl":{"start":{"line":2,"column":44},"end":{"line":2,"column":45}},"loc":{"start":{"line":2,"column":89},"end":{"line":10,"column":1}},"line":2},"1":{"name":"adopt","decl":{"start":{"line":3,"column":13},"end":{"line":3,"column":18}},"loc":{"start":{"line":3,"column":26},"end":{"line":3,"column":112}},"line":3},"2":{"name":"(anonymous_2)","decl":{"start":{"line":3,"column":70},"end":{"line":3,"column":71}},"loc":{"start":{"line":3,"column":89},"end":{"line":3,"column":108}},"line":3},"3":{"name":"(anonymous_3)","decl":{"start":{"line":4,"column":36},"end":{"line":4,"column":37}},"loc":{"start":{"line":4,"column":63},"end":{"line":9,"column":5}},"line":4},"4":{"name":"fulfilled","decl":{"start":{"line":5,"column":17},"end":{"line":5,"column":26}},"loc":{"start":{"line":5,"column":34},"end":{"line":5,"column":99}},"line":5},"5":{"name":"rejected","decl":{"start":{"line":6,"column":17},"end":{"line":6,"column":25}},"loc":{"start":{"line":6,"column":33},"end":{"line":6,"column":102}},"line":6},"6":{"name":"step","decl":{"start":{"line":7,"column":17},"end":{"line":7,"column":21}},"loc":{"start":{"line":7,"column":30},"end":{"line":7,"column":118}},"line":7},"7":{"name":"(anonymous_7)","decl":{"start":{"line":11,"column":48},"end":{"line":11,"column":49}},"loc":{"start":{"line":11,"column":73},"end":{"line":37,"column":1}},"line":11},"8":{"name":"(anonymous_8)","decl":{"start":{"line":12,"column":30},"end":{"line":12,"column":31}},"loc":{"start":{"line":12,"column":41},"end":{"line":12,"column":83}},"line":12},"9":{"name":"(anonymous_9)","decl":{"start":{"line":13,"column":125},"end":{"line":13,"column":126}},"loc":{"start":{"line":13,"column":136},"end":{"line":13,"column":152}},"line":13},"10":{"name":"verb","decl":{"start":{"line":14,"column":13},"end":{"line":14,"column":17}},"loc":{"start":{"line":14,"column":21},"end":{"line":14,"column":70}},"line":14},"11":{"name":"(anonymous_11)","decl":{"start":{"line":14,"column":30},"end":{"line":14,"column":31}},"loc":{"start":{"line":14,"column":43},"end":{"line":14,"column":67}},"line":14},"12":{"name":"step","decl":{"start":{"line":15,"column":13},"end":{"line":15,"column":17}},"loc":{"start":{"line":15,"column":22},"end":{"line":36,"column":5}},"line":15},"13":{"name":"(anonymous_13)","decl":{"start":{"line":38,"column":56},"end":{"line":38,"column":57}},"loc":{"start":{"line":38,"column":71},"end":{"line":40,"column":1}},"line":38},"14":{"name":"(anonymous_14)","decl":{"start":{"line":47,"column":16},"end":{"line":47,"column":17}},"loc":{"start":{"line":47,"column":36},"end":{"line":51,"column":5}},"line":47},"15":{"name":"(anonymous_15)","decl":{"start":{"line":47,"column":79},"end":{"line":47,"column":80}},"loc":{"start":{"line":47,"column":91},"end":{"line":51,"column":1}},"line":47},"16":{"name":"(anonymous_16)","decl":{"start":{"line":48,"column":29},"end":{"line":48,"column":30}},"loc":{"start":{"line":48,"column":43},"end":{"line":50,"column":5}},"line":48}},"branchMap":{"0":{"loc":{"start":{"line":2,"column":16},"end":{"line":10,"column":1}},"type":"binary-expr","locations":[{"start":{"line":2,"column":17},"end":{"line":2,"column":21}},{"start":{"line":2,"column":25},"end":{"line":2,"column":39}},{"start":{"line":2,"column":44},"end":{"line":10,"column":1}}],"line":2},"1":{"loc":{"start":{"line":3,"column":35},"end":{"line":3,"column":109}},"type":"cond-expr","locations":[{"start":{"line":3,"column":56},"end":{"line":3,"column":61}},{"start":{"line":3,"column":64},"end":{"line":3,"column":109}}],"line":3},"2":{"loc":{"start":{"line":4,"column":16},"end":{"line":4,"column":34}},"type":"binary-expr","locations":[{"start":{"line":4,"column":16},"end":{"line":4,"column":17}},{"start":{"line":4,"column":22},"end":{"line":4,"column":33}}],"line":4},"3":{"loc":{"start":{"line":7,"column":32},"end":{"line":7,"column":115}},"type":"cond-expr","locations":[{"start":{"line":7,"column":46},"end":{"line":7,"column":67}},{"start":{"line":7,"column":70},"end":{"line":7,"column":115}}],"line":7},"4":{"loc":{"start":{"line":8,"column":51},"end":{"line":8,"column":67}},"type":"binary-expr","locations":[{"start":{"line":8,"column":51},"end":{"line":8,"column":61}},{"start":{"line":8,"column":65},"end":{"line":8,"column":67}}],"line":8},"5":{"loc":{"start":{"line":11,"column":18},"end":{"line":37,"column":1}},"type":"binary-expr","locations":[{"start":{"line":11,"column":19},"end":{"line":11,"column":23}},{"start":{"line":11,"column":27},"end":{"line":11,"column":43}},{"start":{"line":11,"column":48},"end":{"line":37,"column":1}}],"line":11},"6":{"loc":{"start":{"line":12,"column":43},"end":{"line":12,"column":68}},"type":"if","locations":[{"start":{"line":12,"column":43},"end":{"line":12,"column":68}},{"start":{"line":12,"column":43},"end":{"line":12,"column":68}}],"line":12},"7":{"loc":{"start":{"line":13,"column":71},"end":{"line":13,"column":153}},"type":"binary-expr","locations":[{"start":{"line":13,"column":71},"end":{"line":13,"column":99}},{"start":{"line":13,"column":104},"end":{"line":13,"column":152}}],"line":13},"8":{"loc":{"start":{"line":16,"column":8},"end":{"line":16,"column":70}},"type":"if","locations":[{"start":{"line":16,"column":8},"end":{"line":16,"column":70}},{"start":{"line":16,"column":8},"end":{"line":16,"column":70}}],"line":16},"9":{"loc":{"start":{"line":18,"column":12},"end":{"line":18,"column":169}},"type":"if","locations":[{"start":{"line":18,"column":12},"end":{"line":18,"column":169}},{"start":{"line":18,"column":12},"end":{"line":18,"column":169}}],"line":18},"10":{"loc":{"start":{"line":18,"column":23},"end":{"line":18,"column":158}},"type":"binary-expr","locations":[{"start":{"line":18,"column":23},"end":{"line":18,"column":24}},{"start":{"line":18,"column":29},"end":{"line":18,"column":125}},{"start":{"line":18,"column":130},"end":{"line":18,"column":158}}],"line":18},"11":{"loc":{"start":{"line":18,"column":33},"end":{"line":18,"column":125}},"type":"cond-expr","locations":[{"start":{"line":18,"column":45},"end":{"line":18,"column":56}},{"start":{"line":18,"column":59},"end":{"line":18,"column":125}}],"line":18},"12":{"loc":{"start":{"line":18,"column":59},"end":{"line":18,"column":125}},"type":"cond-expr","locations":[{"start":{"line":18,"column":67},"end":{"line":18,"column":116}},{"start":{"line":18,"column":119},"end":{"line":18,"column":125}}],"line":18},"13":{"loc":{"start":{"line":18,"column":67},"end":{"line":18,"column":116}},"type":"binary-expr","locations":[{"start":{"line":18,"column":67},"end":{"line":18,"column":77}},{"start":{"line":18,"column":82},"end":{"line":18,"column":115}}],"line":18},"14":{"loc":{"start":{"line":18,"column":82},"end":{"line":18,"column":112}},"type":"binary-expr","locations":[{"start":{"line":18,"column":83},"end":{"line":18,"column":98}},{"start":{"line":18,"column":103},"end":{"line":18,"column":112}}],"line":18},"15":{"loc":{"start":{"line":19,"column":12},"end":{"line":19,"column":52}},"type":"if","locations":[{"start":{"line":19,"column":12},"end":{"line":19,"column":52}},{"start":{"line":19,"column":12},"end":{"line":19,"column":52}}],"line":19},"16":{"loc":{"start":{"line":20,"column":12},"end":{"line":32,"column":13}},"type":"switch","locations":[{"start":{"line":21,"column":16},"end":{"line":21,"column":23}},{"start":{"line":21,"column":24},"end":{"line":21,"column":46}},{"start":{"line":22,"column":16},"end":{"line":22,"column":72}},{"start":{"line":23,"column":16},"end":{"line":23,"column":65}},{"start":{"line":24,"column":16},"end":{"line":24,"column":65}},{"start":{"line":25,"column":16},"end":{"line":31,"column":43}}],"line":20},"17":{"loc":{"start":{"line":26,"column":20},"end":{"line":26,"column":128}},"type":"if","locations":[{"start":{"line":26,"column":20},"end":{"line":26,"column":128}},{"start":{"line":26,"column":20},"end":{"line":26,"column":128}}],"line":26},"18":{"loc":{"start":{"line":26,"column":24},"end":{"line":26,"column":106}},"type":"binary-expr","locations":[{"start":{"line":26,"column":24},"end":{"line":26,"column":74}},{"start":{"line":26,"column":79},"end":{"line":26,"column":90}},{"start":{"line":26,"column":94},"end":{"line":26,"column":105}}],"line":26},"19":{"loc":{"start":{"line":26,"column":42},"end":{"line":26,"column":73}},"type":"binary-expr","locations":[{"start":{"line":26,"column":42},"end":{"line":26,"column":54}},{"start":{"line":26,"column":58},"end":{"line":26,"column":73}}],"line":26},"20":{"loc":{"start":{"line":27,"column":20},"end":{"line":27,"column":106}},"type":"if","locations":[{"start":{"line":27,"column":20},"end":{"line":27,"column":106}},{"start":{"line":27,"column":20},"end":{"line":27,"column":106}}],"line":27},"21":{"loc":{"start":{"line":27,"column":24},"end":{"line":27,"column":77}},"type":"binary-expr","locations":[{"start":{"line":27,"column":24},"end":{"line":27,"column":35}},{"start":{"line":27,"column":40},"end":{"line":27,"column":42}},{"start":{"line":27,"column":47},"end":{"line":27,"column":59}},{"start":{"line":27,"column":63},"end":{"line":27,"column":75}}],"line":27},"22":{"loc":{"start":{"line":28,"column":20},"end":{"line":28,"column":89}},"type":"if","locations":[{"start":{"line":28,"column":20},"end":{"line":28,"column":89}},{"start":{"line":28,"column":20},"end":{"line":28,"column":89}}],"line":28},"23":{"loc":{"start":{"line":28,"column":24},"end":{"line":28,"column":53}},"type":"binary-expr","locations":[{"start":{"line":28,"column":24},"end":{"line":28,"column":35}},{"start":{"line":28,"column":39},"end":{"line":28,"column":53}}],"line":28},"24":{"loc":{"start":{"line":29,"column":20},"end":{"line":29,"column":87}},"type":"if","locations":[{"start":{"line":29,"column":20},"end":{"line":29,"column":87}},{"start":{"line":29,"column":20},"end":{"line":29,"column":87}}],"line":29},"25":{"loc":{"start":{"line":29,"column":24},"end":{"line":29,"column":43}},"type":"binary-expr","locations":[{"start":{"line":29,"column":24},"end":{"line":29,"column":25}},{"start":{"line":29,"column":29},"end":{"line":29,"column":43}}],"line":29},"26":{"loc":{"start":{"line":30,"column":20},"end":{"line":30,"column":42}},"type":"if","locations":[{"start":{"line":30,"column":20},"end":{"line":30,"column":42}},{"start":{"line":30,"column":20},"end":{"line":30,"column":42}}],"line":30},"27":{"loc":{"start":{"line":35,"column":8},"end":{"line":35,"column":35}},"type":"if","locations":[{"start":{"line":35,"column":8},"end":{"line":35,"column":35}},{"start":{"line":35,"column":8},"end":{"line":35,"column":35}}],"line":35},"28":{"loc":{"start":{"line":35,"column":52},"end":{"line":35,"column":74}},"type":"cond-expr","locations":[{"start":{"line":35,"column":60},"end":{"line":35,"column":65}},{"start":{"line":35,"column":68},"end":{"line":35,"column":74}}],"line":35},"29":{"loc":{"start":{"line":38,"column":22},"end":{"line":40,"column":1}},"type":"binary-expr","locations":[{"start":{"line":38,"column":23},"end":{"line":38,"column":27}},{"start":{"line":38,"column":31},"end":{"line":38,"column":51}},{"start":{"line":38,"column":56},"end":{"line":40,"column":1}}],"line":38},"30":{"loc":{"start":{"line":39,"column":11},"end":{"line":39,"column":61}},"type":"cond-expr","locations":[{"start":{"line":39,"column":37},"end":{"line":39,"column":40}},{"start":{"line":39,"column":43},"end":{"line":39,"column":61}}],"line":39},"31":{"loc":{"start":{"line":39,"column":12},"end":{"line":39,"column":33}},"type":"binary-expr","locations":[{"start":{"line":39,"column":12},"end":{"line":39,"column":15}},{"start":{"line":39,"column":19},"end":{"line":39,"column":33}}],"line":39}},"s":{"0":1,"1":0,"2":0,"3":0,"4":0,"5":0,"6":0,"7":0,"8":0,"9":0,"10":0,"11":0,"12":1,"13":0,"14":0,"15":0,"16":0,"17":0,"18":0,"19":0,"20":0,"21":0,"22":0,"23":0,"24":0,"25":0,"26":0,"27":0,"28":0,"29":0,"30":0,"31":0,"32":0,"33":0,"34":0,"35":0,"36":0,"37":0,"38":0,"39":0,"40":0,"41":0,"42":0,"43":0,"44":0,"45":0,"46":0,"47":0,"48":0,"49":0,"50":0,"51":0,"52":0,"53":0,"54":0,"55":0,"56":0,"57":0,"58":0,"59":0,"60":0,"61":0,"62":0,"63":0,"64":0,"65":0,"66":1,"67":1,"68":1,"69":1,"70":1,"71":1,"72":1,"73":1,"74":1,"75":0,"76":0,"77":0,"78":1,"79":1,"80":1,"81":1},"f":{"0":0,"1":0,"2":0,"3":0,"4":0,"5":0,"6":0,"7":0,"8":0,"9":0,"10":0,"11":0,"12":0,"13":1,"14":0,"15":0,"16":0},"b":{"0":[1,1,1],"1":[0,0],"2":[0,0],"3":[0,0],"4":[0,0],"5":[1,1,1],"6":[0,0],"7":[0,0],"8":[0,0],"9":[0,0],"10":[0,0,0],"11":[0,0],"12":[0,0],"13":[0,0],"14":[0,0],"15":[0,0],"16":[0,0,0,0,0,0],"17":[0,0],"18":[0,0,0],"19":[0,0],"20":[0,0],"21":[0,0,0,0],"22":[0,0],"23":[0,0],"24":[0,0],"25":[0,0],"26":[0,0],"27":[0,0],"28":[0,0],"29":[1,1,1],"30":[1,0],"31":[1,1]},"inputSourceMap":{"version":3,"file":"/home/tiago/Projetos/Estudo/SchoolOfNet/tests/AVA/api-test-ava/src/routes.ts","sources":["/home/tiago/Projetos/Estudo/SchoolOfNet/tests/AVA/api-test-ava/src/routes.ts"],"names":[],"mappings":";;;;;;;;;;;;;;;;;;;;;;;;;;;;;;;;;;;;;;;;;;AAAA,mCAAiC;AACjC,+GAAyF;AAEzF,IAAM,MAAM,GAAG,gBAAM,EAAE,CAAC;AAUf,wBAAM;AATf,MAAM,CAAC,GAAG,CAAC,GAAG,EAAE,UAAO,GAAG,EAAE,GAAG;;QAC7B,sBAAO,GAAG,CAAC,IAAI,CAAC,EAAE,GAAG,EAAE,OAAO,EAAE,CAAC,EAAC;;KACnC,CAAC,CAAC;AAEH,MAAM,CAAC,GAAG,CAAC,WAAW,EAAE,8BAAoB,CAAC,IAAI,CAAC,CAAC;AACnD,MAAM,CAAC,GAAG,CAAC,OAAO,EAAE,8BAAoB,CAAC,GAAG,CAAC,CAAC;AAC9C,MAAM,CAAC,IAAI,CAAC,OAAO,EAAE,8BAAoB,CAAC,MAAM,CAAC,CAAC;AAClD,MAAM,CAAC,MAAM,CAAC,WAAW,EAAE,8BAAoB,CAAC,MAAM,CAAC,CAAC","sourcesContent":["import { Router } from \"express\";\nimport CreateUserController from \"./app/controllers/UserController/CreateUserController\";\n\nconst router = Router();\nrouter.get(\"/\", async (req, res) => {\n  return res.json({ msg: \"Hello\" });\n});\n\nrouter.get(\"/user/:id\", CreateUserController.find);\nrouter.get(\"/user\", CreateUserController.all);\nrouter.post(\"/user\", CreateUserController.create);\nrouter.delete(\"/user/:id\", CreateUserController.delete);\n\nexport { router };\n"]},"_coverageSchema":"1a1c01bbd47fc00a2c39e90264f33305004495a9","hash":"0d2bc17e1af646c6d1d9336aab6cca6a8ee5c3c5","contentHash":"3a2cbc8c3dd62817f8bb2b84607287db8bfeb1edf528a7eeaac6832bd0e59e6e"},"/home/tiago/Projetos/Estudo/SchoolOfNet/tests/AVA/api-test-ava/src/app/controllers/UserController/CreateUserController.ts":{"path":"/home/tiago/Projetos/Estudo/SchoolOfNet/tests/AVA/api-test-ava/src/app/controllers/UserController/CreateUserController.ts","statementMap":{"0":{"start":{"line":2,"column":16},"end":{"line":10,"column":1}},"1":{"start":{"line":3,"column":28},"end":{"line":3,"column":110}},"2":{"start":{"line":3,"column":91},"end":{"line":3,"column":106}},"3":{"start":{"line":4,"column":4},"end":{"line":9,"column":7}},"4":{"start":{"line":5,"column":36},"end":{"line":5,"column":97}},"5":{"start":{"line":5,"column":42},"end":{"line":5,"column":70}},"6":{"start":{"line":5,"column":85},"end":{"line":5,"column":95}},"7":{"start":{"line":6,"column":35},"end":{"line":6,"column":100}},"8":{"start":{"line":6,"column":41},"end":{"line":6,"column":73}},"9":{"start":{"line":6,"column":88},"end":{"line":6,"column":98}},"10":{"start":{"line":7,"column":32},"end":{"line":7,"column":116}},"11":{"start":{"line":8,"column":8},"end":{"line":8,"column":78}},"12":{"start":{"line":11,"column":18},"end":{"line":37,"column":1}},"13":{"start":{"line":12,"column":12},"end":{"line":12,"column":104}},"14":{"start":{"line":12,"column":43},"end":{"line":12,"column":68}},"15":{"start":{"line":12,"column":57},"end":{"line":12,"column":68}},"16":{"start":{"line":12,"column":69},"end":{"line":12,"column":81}},"17":{"start":{"line":13,"column":4},"end":{"line":13,"column":157}},"18":{"start":{"line":13,"column":138},"end":{"line":13,"column":150}},"19":{"start":{"line":14,"column":23},"end":{"line":14,"column":68}},"20":{"start":{"line":14,"column":45},"end":{"line":14,"column":65}},"21":{"start":{"line":16,"column":8},"end":{"line":16,"column":70}},"22":{"start":{"line":16,"column":15},"end":{"line":16,"column":70}},"23":{"start":{"line":17,"column":8},"end":{"line":34,"column":66}},"24":{"start":{"line":17,"column":18},"end":{"line":34,"column":66}},"25":{"start":{"line":18,"column":12},"end":{"line":18,"column":169}},"26":{"start":{"line":18,"column":160},"end":{"line":18,"column":169}},"27":{"start":{"line":19,"column":12},"end":{"line":19,"column":52}},"28":{"start":{"line":19,"column":26},"end":{"line":19,"column":52}},"29":{"start":{"line":20,"column":12},"end":{"line":32,"column":13}},"30":{"start":{"line":21,"column":32},"end":{"line":21,"column":39}},"31":{"start":{"line":21,"column":40},"end":{"line":21,"column":46}},"32":{"start":{"line":22,"column":24},"end":{"line":22,"column":34}},"33":{"start":{"line":22,"column":35},"end":{"line":22,"column":72}},"34":{"start":{"line":23,"column":24},"end":{"line":23,"column":34}},"35":{"start":{"line":23,"column":35},"end":{"line":23,"column":45}},"36":{"start":{"line":23,"column":46},"end":{"line":23,"column":55}},"37":{"start":{"line":23,"column":56},"end":{"line":23,"column":65}},"38":{"start":{"line":24,"column":24},"end":{"line":24,"column":41}},"39":{"start":{"line":24,"column":42},"end":{"line":24,"column":55}},"40":{"start":{"line":24,"column":56},"end":{"line":24,"column":65}},"41":{"start":{"line":26,"column":20},"end":{"line":26,"column":128}},"42":{"start":{"line":26,"column":110},"end":{"line":26,"column":116}},"43":{"start":{"line":26,"column":117},"end":{"line":26,"column":126}},"44":{"start":{"line":27,"column":20},"end":{"line":27,"column":106}},"45":{"start":{"line":27,"column":81},"end":{"line":27,"column":97}},"46":{"start":{"line":27,"column":98},"end":{"line":27,"column":104}},"47":{"start":{"line":28,"column":20},"end":{"line":28,"column":89}},"48":{"start":{"line":28,"column":57},"end":{"line":28,"column":72}},"49":{"start":{"line":28,"column":73},"end":{"line":28,"column":80}},"50":{"start":{"line":28,"column":81},"end":{"line":28,"column":87}},"51":{"start":{"line":29,"column":20},"end":{"line":29,"column":87}},"52":{"start":{"line":29,"column":47},"end":{"line":29,"column":62}},"53":{"start":{"line":29,"column":63},"end":{"line":29,"column":78}},"54":{"start":{"line":29,"column":79},"end":{"line":29,"column":85}},"55":{"start":{"line":30,"column":20},"end":{"line":30,"column":42}},"56":{"start":{"line":30,"column":30},"end":{"line":30,"column":42}},"57":{"start":{"line":31,"column":20},"end":{"line":31,"column":33}},"58":{"start":{"line":31,"column":34},"end":{"line":31,"column":43}},"59":{"start":{"line":33,"column":12},"end":{"line":33,"column":39}},"60":{"start":{"line":34,"column":22},"end":{"line":34,"column":34}},"61":{"start":{"line":34,"column":35},"end":{"line":34,"column":41}},"62":{"start":{"line":34,"column":54},"end":{"line":34,"column":64}},"63":{"start":{"line":35,"column":8},"end":{"line":35,"column":35}},"64":{"start":{"line":35,"column":23},"end":{"line":35,"column":35}},"65":{"start":{"line":35,"column":36},"end":{"line":35,"column":89}},"66":{"start":{"line":38,"column":22},"end":{"line":40,"column":1}},"67":{"start":{"line":39,"column":4},"end":{"line":39,"column":62}},"68":{"start":{"line":41,"column":0},"end":{"line":41,"column":62}},"69":{"start":{"line":42,"column":13},"end":{"line":42,"column":58}},"70":{"start":{"line":43,"column":17},"end":{"line":43,"column":53}},"71":{"start":{"line":44,"column":42},"end":{"line":128,"column":3}},"72":{"start":{"line":47,"column":4},"end":{"line":63,"column":6}},"73":{"start":{"line":48,"column":8},"end":{"line":62,"column":11}},"74":{"start":{"line":50,"column":12},"end":{"line":61,"column":15}},"75":{"start":{"line":51,"column":16},"end":{"line":59,"column":17}},"76":{"start":{"line":52,"column":20},"end":{"line":52,"column":60}},"77":{"start":{"line":53,"column":20},"end":{"line":53,"column":52}},"78":{"start":{"line":54,"column":20},"end":{"line":54,"column":32}},"79":{"start":{"line":55,"column":20},"end":{"line":55,"column":75}},"80":{"start":{"line":58,"column":20},"end":{"line":58,"column":49}},"81":{"start":{"line":60,"column":16},"end":{"line":60,"column":38}},"82":{"start":{"line":64,"column":4},"end":{"line":82,"column":6}},"83":{"start":{"line":65,"column":8},"end":{"line":81,"column":11}},"84":{"start":{"line":67,"column":12},"end":{"line":80,"column":15}},"85":{"start":{"line":68,"column":16},"end":{"line":79,"column":17}},"86":{"start":{"line":70,"column":24},"end":{"line":70,"column":50}},"87":{"start":{"line":71,"column":24},"end":{"line":71,"column":68}},"88":{"start":{"line":73,"column":24},"end":{"line":73,"column":40}},"89":{"start":{"line":74,"column":24},"end":{"line":74,"column":78}},"90":{"start":{"line":76,"column":24},"end":{"line":76,"column":42}},"91":{"start":{"line":77,"column":24},"end":{"line":77,"column":55}},"92":{"start":{"line":78,"column":28},"end":{"line":78,"column":50}},"93":{"start":{"line":83,"column":4},"end":{"line":104,"column":6}},"94":{"start":{"line":84,"column":8},"end":{"line":103,"column":11}},"95":{"start":{"line":86,"column":12},"end":{"line":102,"column":15}},"96":{"start":{"line":87,"column":16},"end":{"line":101,"column":17}},"97":{"start":{"line":89,"column":24},"end":{"line":89,"column":50}},"98":{"start":{"line":90,"column":24},"end":{"line":92,"column":25}},"99":{"start":{"line":91,"column":28},"end":{"line":91,"column":59}},"100":{"start":{"line":93,"column":24},"end":{"line":93,"column":89}},"101":{"start":{"line":95,"column":24},"end":{"line":95,"column":40}},"102":{"start":{"line":96,"column":24},"end":{"line":96,"column":66}},"103":{"start":{"line":98,"column":24},"end":{"line":98,"column":42}},"104":{"start":{"line":99,"column":24},"end":{"line":99,"column":55}},"105":{"start":{"line":100,"column":28},"end":{"line":100,"column":50}},"106":{"start":{"line":105,"column":4},"end":{"line":126,"column":6}},"107":{"start":{"line":106,"column":8},"end":{"line":125,"column":11}},"108":{"start":{"line":108,"column":12},"end":{"line":124,"column":15}},"109":{"start":{"line":109,"column":16},"end":{"line":123,"column":17}},"110":{"start":{"line":111,"column":24},"end":{"line":111,"column":50}},"111":{"start":{"line":112,"column":24},"end":{"line":114,"column":25}},"112":{"start":{"line":113,"column":28},"end":{"line":113,"column":59}},"113":{"start":{"line":115,"column":24},"end":{"line":115,"column":98}},"114":{"start":{"line":117,"column":24},"end":{"line":117,"column":34}},"115":{"start":{"line":118,"column":24},"end":{"line":118,"column":74}},"116":{"start":{"line":120,"column":24},"end":{"line":120,"column":42}},"117":{"start":{"line":121,"column":24},"end":{"line":121,"column":55}},"118":{"start":{"line":122,"column":28},"end":{"line":122,"column":50}},"119":{"start":{"line":127,"column":4},"end":{"line":127,"column":32}},"120":{"start":{"line":129,"column":0},"end":{"line":129,"column":45}}},"fnMap":{"0":{"name":"(anonymous_0)","decl":{"start":{"line":2,"column":44},"end":{"line":2,"column":45}},"loc":{"start":{"line":2,"column":89},"end":{"line":10,"column":1}},"line":2},"1":{"name":"adopt","decl":{"start":{"line":3,"column":13},"end":{"line":3,"column":18}},"loc":{"start":{"line":3,"column":26},"end":{"line":3,"column":112}},"line":3},"2":{"name":"(anonymous_2)","decl":{"start":{"line":3,"column":70},"end":{"line":3,"column":71}},"loc":{"start":{"line":3,"column":89},"end":{"line":3,"column":108}},"line":3},"3":{"name":"(anonymous_3)","decl":{"start":{"line":4,"column":36},"end":{"line":4,"column":37}},"loc":{"start":{"line":4,"column":63},"end":{"line":9,"column":5}},"line":4},"4":{"name":"fulfilled","decl":{"start":{"line":5,"column":17},"end":{"line":5,"column":26}},"loc":{"start":{"line":5,"column":34},"end":{"line":5,"column":99}},"line":5},"5":{"name":"rejected","decl":{"start":{"line":6,"column":17},"end":{"line":6,"column":25}},"loc":{"start":{"line":6,"column":33},"end":{"line":6,"column":102}},"line":6},"6":{"name":"step","decl":{"start":{"line":7,"column":17},"end":{"line":7,"column":21}},"loc":{"start":{"line":7,"column":30},"end":{"line":7,"column":118}},"line":7},"7":{"name":"(anonymous_7)","decl":{"start":{"line":11,"column":48},"end":{"line":11,"column":49}},"loc":{"start":{"line":11,"column":73},"end":{"line":37,"column":1}},"line":11},"8":{"name":"(anonymous_8)","decl":{"start":{"line":12,"column":30},"end":{"line":12,"column":31}},"loc":{"start":{"line":12,"column":41},"end":{"line":12,"column":83}},"line":12},"9":{"name":"(anonymous_9)","decl":{"start":{"line":13,"column":125},"end":{"line":13,"column":126}},"loc":{"start":{"line":13,"column":136},"end":{"line":13,"column":152}},"line":13},"10":{"name":"verb","decl":{"start":{"line":14,"column":13},"end":{"line":14,"column":17}},"loc":{"start":{"line":14,"column":21},"end":{"line":14,"column":70}},"line":14},"11":{"name":"(anonymous_11)","decl":{"start":{"line":14,"column":30},"end":{"line":14,"column":31}},"loc":{"start":{"line":14,"column":43},"end":{"line":14,"column":67}},"line":14},"12":{"name":"step","decl":{"start":{"line":15,"column":13},"end":{"line":15,"column":17}},"loc":{"start":{"line":15,"column":22},"end":{"line":36,"column":5}},"line":15},"13":{"name":"(anonymous_13)","decl":{"start":{"line":38,"column":56},"end":{"line":38,"column":57}},"loc":{"start":{"line":38,"column":71},"end":{"line":40,"column":1}},"line":38},"14":{"name":"(anonymous_14)","decl":{"start":{"line":44,"column":42},"end":{"line":44,"column":43}},"loc":{"start":{"line":44,"column":54},"end":{"line":128,"column":1}},"line":44},"15":{"name":"CreateUserController","decl":{"start":{"line":45,"column":13},"end":{"line":45,"column":33}},"loc":{"start":{"line":45,"column":36},"end":{"line":46,"column":5}},"line":45},"16":{"name":"(anonymous_16)","decl":{"start":{"line":47,"column":44},"end":{"line":47,"column":45}},"loc":{"start":{"line":47,"column":73},"end":{"line":63,"column":5}},"line":47},"17":{"name":"(anonymous_17)","decl":{"start":{"line":48,"column":47},"end":{"line":48,"column":48}},"loc":{"start":{"line":48,"column":59},"end":{"line":62,"column":9}},"line":48},"18":{"name":"(anonymous_18)","decl":{"start":{"line":50,"column":37},"end":{"line":50,"column":38}},"loc":{"start":{"line":50,"column":51},"end":{"line":61,"column":13}},"line":50},"19":{"name":"(anonymous_19)","decl":{"start":{"line":64,"column":41},"end":{"line":64,"column":42}},"loc":{"start":{"line":64,"column":70},"end":{"line":82,"column":5}},"line":64},"20":{"name":"(anonymous_20)","decl":{"start":{"line":65,"column":47},"end":{"line":65,"column":48}},"loc":{"start":{"line":65,"column":59},"end":{"line":81,"column":9}},"line":65},"21":{"name":"(anonymous_21)","decl":{"start":{"line":67,"column":37},"end":{"line":67,"column":38}},"loc":{"start":{"line":67,"column":51},"end":{"line":80,"column":13}},"line":67},"22":{"name":"(anonymous_22)","decl":{"start":{"line":83,"column":42},"end":{"line":83,"column":43}},"loc":{"start":{"line":83,"column":71},"end":{"line":104,"column":5}},"line":83},"23":{"name":"(anonymous_23)","decl":{"start":{"line":84,"column":47},"end":{"line":84,"column":48}},"loc":{"start":{"line":84,"column":59},"end":{"line":103,"column":9}},"line":84},"24":{"name":"(anonymous_24)","decl":{"start":{"line":86,"column":37},"end":{"line":86,"column":38}},"loc":{"start":{"line":86,"column":51},"end":{"line":102,"column":13}},"line":86},"25":{"name":"(anonymous_25)","decl":{"start":{"line":105,"column":44},"end":{"line":105,"column":45}},"loc":{"start":{"line":105,"column":73},"end":{"line":126,"column":5}},"line":105},"26":{"name":"(anonymous_26)","decl":{"start":{"line":106,"column":47},"end":{"line":106,"column":48}},"loc":{"start":{"line":106,"column":59},"end":{"line":125,"column":9}},"line":106},"27":{"name":"(anonymous_27)","decl":{"start":{"line":108,"column":37},"end":{"line":108,"column":38}},"loc":{"start":{"line":108,"column":51},"end":{"line":124,"column":13}},"line":108}},"branchMap":{"0":{"loc":{"start":{"line":2,"column":16},"end":{"line":10,"column":1}},"type":"binary-expr","locations":[{"start":{"line":2,"column":17},"end":{"line":2,"column":21}},{"start":{"line":2,"column":25},"end":{"line":2,"column":39}},{"start":{"line":2,"column":44},"end":{"line":10,"column":1}}],"line":2},"1":{"loc":{"start":{"line":3,"column":35},"end":{"line":3,"column":109}},"type":"cond-expr","locations":[{"start":{"line":3,"column":56},"end":{"line":3,"column":61}},{"start":{"line":3,"column":64},"end":{"line":3,"column":109}}],"line":3},"2":{"loc":{"start":{"line":4,"column":16},"end":{"line":4,"column":34}},"type":"binary-expr","locations":[{"start":{"line":4,"column":16},"end":{"line":4,"column":17}},{"start":{"line":4,"column":22},"end":{"line":4,"column":33}}],"line":4},"3":{"loc":{"start":{"line":7,"column":32},"end":{"line":7,"column":115}},"type":"cond-expr","locations":[{"start":{"line":7,"column":46},"end":{"line":7,"column":67}},{"start":{"line":7,"column":70},"end":{"line":7,"column":115}}],"line":7},"4":{"loc":{"start":{"line":8,"column":51},"end":{"line":8,"column":67}},"type":"binary-expr","locations":[{"start":{"line":8,"column":51},"end":{"line":8,"column":61}},{"start":{"line":8,"column":65},"end":{"line":8,"column":67}}],"line":8},"5":{"loc":{"start":{"line":11,"column":18},"end":{"line":37,"column":1}},"type":"binary-expr","locations":[{"start":{"line":11,"column":19},"end":{"line":11,"column":23}},{"start":{"line":11,"column":27},"end":{"line":11,"column":43}},{"start":{"line":11,"column":48},"end":{"line":37,"column":1}}],"line":11},"6":{"loc":{"start":{"line":12,"column":43},"end":{"line":12,"column":68}},"type":"if","locations":[{"start":{"line":12,"column":43},"end":{"line":12,"column":68}},{"start":{"line":12,"column":43},"end":{"line":12,"column":68}}],"line":12},"7":{"loc":{"start":{"line":13,"column":71},"end":{"line":13,"column":153}},"type":"binary-expr","locations":[{"start":{"line":13,"column":71},"end":{"line":13,"column":99}},{"start":{"line":13,"column":104},"end":{"line":13,"column":152}}],"line":13},"8":{"loc":{"start":{"line":16,"column":8},"end":{"line":16,"column":70}},"type":"if","locations":[{"start":{"line":16,"column":8},"end":{"line":16,"column":70}},{"start":{"line":16,"column":8},"end":{"line":16,"column":70}}],"line":16},"9":{"loc":{"start":{"line":18,"column":12},"end":{"line":18,"column":169}},"type":"if","locations":[{"start":{"line":18,"column":12},"end":{"line":18,"column":169}},{"start":{"line":18,"column":12},"end":{"line":18,"column":169}}],"line":18},"10":{"loc":{"start":{"line":18,"column":23},"end":{"line":18,"column":158}},"type":"binary-expr","locations":[{"start":{"line":18,"column":23},"end":{"line":18,"column":24}},{"start":{"line":18,"column":29},"end":{"line":18,"column":125}},{"start":{"line":18,"column":130},"end":{"line":18,"column":158}}],"line":18},"11":{"loc":{"start":{"line":18,"column":33},"end":{"line":18,"column":125}},"type":"cond-expr","locations":[{"start":{"line":18,"column":45},"end":{"line":18,"column":56}},{"start":{"line":18,"column":59},"end":{"line":18,"column":125}}],"line":18},"12":{"loc":{"start":{"line":18,"column":59},"end":{"line":18,"column":125}},"type":"cond-expr","locations":[{"start":{"line":18,"column":67},"end":{"line":18,"column":116}},{"start":{"line":18,"column":119},"end":{"line":18,"column":125}}],"line":18},"13":{"loc":{"start":{"line":18,"column":67},"end":{"line":18,"column":116}},"type":"binary-expr","locations":[{"start":{"line":18,"column":67},"end":{"line":18,"column":77}},{"start":{"line":18,"column":82},"end":{"line":18,"column":115}}],"line":18},"14":{"loc":{"start":{"line":18,"column":82},"end":{"line":18,"column":112}},"type":"binary-expr","locations":[{"start":{"line":18,"column":83},"end":{"line":18,"column":98}},{"start":{"line":18,"column":103},"end":{"line":18,"column":112}}],"line":18},"15":{"loc":{"start":{"line":19,"column":12},"end":{"line":19,"column":52}},"type":"if","locations":[{"start":{"line":19,"column":12},"end":{"line":19,"column":52}},{"start":{"line":19,"column":12},"end":{"line":19,"column":52}}],"line":19},"16":{"loc":{"start":{"line":20,"column":12},"end":{"line":32,"column":13}},"type":"switch","locations":[{"start":{"line":21,"column":16},"end":{"line":21,"column":23}},{"start":{"line":21,"column":24},"end":{"line":21,"column":46}},{"start":{"line":22,"column":16},"end":{"line":22,"column":72}},{"start":{"line":23,"column":16},"end":{"line":23,"column":65}},{"start":{"line":24,"column":16},"end":{"line":24,"column":65}},{"start":{"line":25,"column":16},"end":{"line":31,"column":43}}],"line":20},"17":{"loc":{"start":{"line":26,"column":20},"end":{"line":26,"column":128}},"type":"if","locations":[{"start":{"line":26,"column":20},"end":{"line":26,"column":128}},{"start":{"line":26,"column":20},"end":{"line":26,"column":128}}],"line":26},"18":{"loc":{"start":{"line":26,"column":24},"end":{"line":26,"column":106}},"type":"binary-expr","locations":[{"start":{"line":26,"column":24},"end":{"line":26,"column":74}},{"start":{"line":26,"column":79},"end":{"line":26,"column":90}},{"start":{"line":26,"column":94},"end":{"line":26,"column":105}}],"line":26},"19":{"loc":{"start":{"line":26,"column":42},"end":{"line":26,"column":73}},"type":"binary-expr","locations":[{"start":{"line":26,"column":42},"end":{"line":26,"column":54}},{"start":{"line":26,"column":58},"end":{"line":26,"column":73}}],"line":26},"20":{"loc":{"start":{"line":27,"column":20},"end":{"line":27,"column":106}},"type":"if","locations":[{"start":{"line":27,"column":20},"end":{"line":27,"column":106}},{"start":{"line":27,"column":20},"end":{"line":27,"column":106}}],"line":27},"21":{"loc":{"start":{"line":27,"column":24},"end":{"line":27,"column":77}},"type":"binary-expr","locations":[{"start":{"line":27,"column":24},"end":{"line":27,"column":35}},{"start":{"line":27,"column":40},"end":{"line":27,"column":42}},{"start":{"line":27,"column":47},"end":{"line":27,"column":59}},{"start":{"line":27,"column":63},"end":{"line":27,"column":75}}],"line":27},"22":{"loc":{"start":{"line":28,"column":20},"end":{"line":28,"column":89}},"type":"if","locations":[{"start":{"line":28,"column":20},"end":{"line":28,"column":89}},{"start":{"line":28,"column":20},"end":{"line":28,"column":89}}],"line":28},"23":{"loc":{"start":{"line":28,"column":24},"end":{"line":28,"column":53}},"type":"binary-expr","locations":[{"start":{"line":28,"column":24},"end":{"line":28,"column":35}},{"start":{"line":28,"column":39},"end":{"line":28,"column":53}}],"line":28},"24":{"loc":{"start":{"line":29,"column":20},"end":{"line":29,"column":87}},"type":"if","locations":[{"start":{"line":29,"column":20},"end":{"line":29,"column":87}},{"start":{"line":29,"column":20},"end":{"line":29,"column":87}}],"line":29},"25":{"loc":{"start":{"line":29,"column":24},"end":{"line":29,"column":43}},"type":"binary-expr","locations":[{"start":{"line":29,"column":24},"end":{"line":29,"column":25}},{"start":{"line":29,"column":29},"end":{"line":29,"column":43}}],"line":29},"26":{"loc":{"start":{"line":30,"column":20},"end":{"line":30,"column":42}},"type":"if","locations":[{"start":{"line":30,"column":20},"end":{"line":30,"column":42}},{"start":{"line":30,"column":20},"end":{"line":30,"column":42}}],"line":30},"27":{"loc":{"start":{"line":35,"column":8},"end":{"line":35,"column":35}},"type":"if","locations":[{"start":{"line":35,"column":8},"end":{"line":35,"column":35}},{"start":{"line":35,"column":8},"end":{"line":35,"column":35}}],"line":35},"28":{"loc":{"start":{"line":35,"column":52},"end":{"line":35,"column":74}},"type":"cond-expr","locations":[{"start":{"line":35,"column":60},"end":{"line":35,"column":65}},{"start":{"line":35,"column":68},"end":{"line":35,"column":74}}],"line":35},"29":{"loc":{"start":{"line":38,"column":22},"end":{"line":40,"column":1}},"type":"binary-expr","locations":[{"start":{"line":38,"column":23},"end":{"line":38,"column":27}},{"start":{"line":38,"column":31},"end":{"line":38,"column":51}},{"start":{"line":38,"column":56},"end":{"line":40,"column":1}}],"line":38},"30":{"loc":{"start":{"line":39,"column":11},"end":{"line":39,"column":61}},"type":"cond-expr","locations":[{"start":{"line":39,"column":37},"end":{"line":39,"column":40}},{"start":{"line":39,"column":43},"end":{"line":39,"column":61}}],"line":39},"31":{"loc":{"start":{"line":39,"column":12},"end":{"line":39,"column":33}},"type":"binary-expr","locations":[{"start":{"line":39,"column":12},"end":{"line":39,"column":15}},{"start":{"line":39,"column":19},"end":{"line":39,"column":33}}],"line":39},"32":{"loc":{"start":{"line":68,"column":16},"end":{"line":79,"column":17}},"type":"switch","locations":[{"start":{"line":69,"column":20},"end":{"line":71,"column":68}},{"start":{"line":72,"column":20},"end":{"line":74,"column":78}},{"start":{"line":75,"column":20},"end":{"line":77,"column":55}},{"start":{"line":78,"column":20},"end":{"line":78,"column":50}}],"line":68},"33":{"loc":{"start":{"line":87,"column":16},"end":{"line":101,"column":17}},"type":"switch","locations":[{"start":{"line":88,"column":20},"end":{"line":93,"column":89}},{"start":{"line":94,"column":20},"end":{"line":96,"column":66}},{"start":{"line":97,"column":20},"end":{"line":99,"column":55}},{"start":{"line":100,"column":20},"end":{"line":100,"column":50}}],"line":87},"34":{"loc":{"start":{"line":90,"column":24},"end":{"line":92,"column":25}},"type":"if","locations":[{"start":{"line":90,"column":24},"end":{"line":92,"column":25}},{"start":{"line":90,"column":24},"end":{"line":92,"column":25}}],"line":90},"35":{"loc":{"start":{"line":109,"column":16},"end":{"line":123,"column":17}},"type":"switch","locations":[{"start":{"line":110,"column":20},"end":{"line":115,"column":98}},{"start":{"line":116,"column":20},"end":{"line":118,"column":74}},{"start":{"line":119,"column":20},"end":{"line":121,"column":55}},{"start":{"line":122,"column":20},"end":{"line":122,"column":50}}],"line":109},"36":{"loc":{"start":{"line":112,"column":24},"end":{"line":114,"column":25}},"type":"if","locations":[{"start":{"line":112,"column":24},"end":{"line":114,"column":25}},{"start":{"line":112,"column":24},"end":{"line":114,"column":25}}],"line":112}},"s":{"0":1,"1":4,"2":4,"3":7,"4":4,"5":4,"6":0,"7":0,"8":0,"9":0,"10":10,"11":7,"12":1,"13":7,"14":5,"15":0,"16":5,"17":7,"18":0,"19":21,"20":11,"21":11,"22":0,"23":11,"24":28,"25":28,"26":0,"27":28,"28":0,"29":28,"30":11,"31":11,"32":4,"33":4,"34":0,"35":0,"36":0,"37":0,"38":0,"39":0,"40":0,"41":13,"42":7,"43":7,"44":6,"45":0,"46":0,"47":6,"48":1,"49":1,"50":1,"51":5,"52":0,"53":0,"54":0,"55":5,"56":0,"57":5,"58":5,"59":12,"60":2,"61":2,"62":28,"63":7,"64":1,"65":6,"66":1,"67":2,"68":1,"69":1,"70":1,"71":1,"72":1,"73":2,"74":2,"75":2,"76":2,"77":2,"78":2,"79":2,"80":0,"81":0,"82":1,"83":2,"84":2,"85":4,"86":2,"87":2,"88":2,"89":2,"90":0,"91":0,"92":0,"93":1,"94":2,"95":2,"96":4,"97":2,"98":2,"99":1,"100":1,"101":1,"102":1,"103":1,"104":1,"105":0,"106":1,"107":1,"108":1,"109":2,"110":1,"111":1,"112":0,"113":1,"114":1,"115":1,"116":0,"117":0,"118":0,"119":1,"120":1},"f":{"0":7,"1":4,"2":4,"3":7,"4":4,"5":0,"6":10,"7":7,"8":5,"9":0,"10":21,"11":11,"12":11,"13":2,"14":1,"15":1,"16":2,"17":2,"18":2,"19":2,"20":2,"21":4,"22":2,"23":2,"24":4,"25":1,"26":1,"27":2},"b":{"0":[1,1,1],"1":[0,4],"2":[7,7],"3":[6,4],"4":[7,7],"5":[1,1,1],"6":[0,5],"7":[7,7],"8":[0,11],"9":[0,28],"10":[28,0,0],"11":[0,0],"12":[0,0],"13":[0,0],"14":[0,0],"15":[0,28],"16":[11,11,4,0,0,13],"17":[7,6],"18":[13,7,6],"19":[13,6],"20":[0,6],"21":[6,0,0,0],"22":[1,5],"23":[6,2],"24":[0,5],"25":[5,5],"26":[0,5],"27":[1,6],"28":[6,0],"29":[1,1,1],"30":[1,1],"31":[2,2],"32":[2,2,0,0],"33":[2,1,1,0],"34":[1,1],"35":[1,1,0,0],"36":[0,1]},"inputSourceMap":{"version":3,"file":"/home/tiago/Projetos/Estudo/SchoolOfNet/tests/AVA/api-test-ava/src/app/controllers/UserController/CreateUserController.ts","sources":["/home/tiago/Projetos/Estudo/SchoolOfNet/tests/AVA/api-test-ava/src/app/controllers/UserController/CreateUserController.ts"],"names":[],"mappings":";;;;;;;;;;;;;;;;;;;;;;;;;;;;;;;;;;;;;;;;;AACA,2DAAqC;AACrC,sDAAgC;AAEhC;IAAA;IA4CA,CAAC;IA3CO,qCAAM,GAAZ,UAAa,OAAgB,EAAE,QAAkB;;;;gBAC/C,IAAI;oBACI,IAAI,GAAG,IAAI,cAAI,CAAC,OAAO,CAAC,IAAI,CAAC,CAAC;oBACpC,IAAI,CAAC,WAAW,CAAC,IAAI,CAAC,QAAQ,CAAC,CAAC;oBAChC,IAAI,CAAC,IAAI,EAAE,CAAC;oBACZ,sBAAO,QAAQ,CAAC,MAAM,CAAC,GAAG,CAAC,CAAC,IAAI,CAAC,IAAI,CAAC,EAAC;iBACxC;gBAAC,OAAO,GAAG,EAAE;oBACZ,MAAM,IAAI,KAAK,CAAC,GAAG,CAAC,OAAO,CAAC,CAAC;iBAC9B;;;;KACF;IAEK,kCAAG,GAAT,UAAU,OAAgB,EAAE,QAAkB;;;;;;;wBAE9B,qBAAM,cAAI,CAAC,IAAI,EAAE,EAAA;;wBAAvB,GAAG,GAAG,SAAiB;wBAC7B,sBAAO,QAAQ,CAAC,MAAM,CAAC,GAAG,CAAC,CAAC,IAAI,CAAC,GAAG,CAAC,EAAC;;;wBAEtC,MAAM,IAAI,KAAK,CAAC,KAAG,CAAC,OAAO,CAAC,CAAC;;;;;KAEhC;IAEK,mCAAI,GAAV,UAAW,OAAgB,EAAE,QAAkB;;;;;;;wBAE3C,IAAI,CAAC,kBAAQ,CAAC,KAAK,CAAC,QAAQ,CAAC,OAAO,CAAC,OAAO,CAAC,MAAM,CAAC,EAAE,CAAC,EAAE;4BACvD,MAAM,IAAI,KAAK,CAAC,aAAa,CAAC,CAAC;yBAChC;wBACW,qBAAM,cAAI,CAAC,QAAQ,CAAC,OAAO,CAAC,MAAM,CAAC,EAAE,CAAC,EAAA;;wBAA5C,GAAG,GAAG,SAAsC;wBAClD,sBAAO,QAAQ,CAAC,IAAI,CAAC,GAAG,CAAC,EAAC;;;wBAE1B,MAAM,IAAI,KAAK,CAAC,KAAG,CAAC,OAAO,CAAC,CAAC;;;;;KAEhC;IAEK,qCAAM,GAAZ,UAAa,OAAgB,EAAE,QAAkB;;;;;;;wBAE7C,IAAI,CAAC,kBAAQ,CAAC,KAAK,CAAC,QAAQ,CAAC,OAAO,CAAC,OAAO,CAAC,MAAM,CAAC,EAAE,CAAC,EAAE;4BACvD,MAAM,IAAI,KAAK,CAAC,aAAa,CAAC,CAAC;yBAChC;wBACD,qBAAM,cAAI,CAAC,iBAAiB,CAAC,OAAO,CAAC,MAAM,CAAC,EAAE,CAAC,EAAA;;wBAA/C,SAA+C,CAAC;wBAChD,sBAAO,QAAQ,CAAC,MAAM,CAAC,GAAG,CAAC,CAAC,GAAG,EAAE,EAAC;;;wBAElC,MAAM,IAAI,KAAK,CAAC,KAAG,CAAC,OAAO,CAAC,CAAC;;;;;KAEhC;IACH,2BAAC;AAAD,CAAC,AA5CD,IA4CC;AAED,kBAAe,IAAI,oBAAoB,EAAE,CAAC","sourcesContent":["import { Request, Response } from \"express\";\nimport User from \"../../models/User\";\nimport mongoose from \"mongoose\";\n\nclass CreateUserController {\n  async create(request: Request, response: Response) {\n    try {\n      const user = new User(request.body);\n      user.setPassword(user.password);\n      user.save();\n      return response.status(201).json(user);\n    } catch (err) {\n      throw new Error(err.message);\n    }\n  }\n\n  async all(request: Request, response: Response) {\n    try {\n      const all = await User.find();\n      return response.status(200).json(all);\n    } catch (err) {\n      throw new Error(err.message);\n    }\n  }\n\n  async find(request: Request, response: Response) {\n    try {\n      if (!mongoose.Types.ObjectId.isValid(request.params.id)) {\n        throw new Error(\"Id invalid!\");\n      }\n      const all = await User.findById(request.params.id);\n      return response.json(all);\n    } catch (err) {\n      throw new Error(err.message);\n    }\n  }\n\n  async delete(request: Request, response: Response) {\n    try {\n      if (!mongoose.Types.ObjectId.isValid(request.params.id)) {\n        throw new Error(\"Id invalid!\");\n      }\n      await User.findByIdAndDelete(request.params.id);\n      return response.status(203).end();\n    } catch (err) {\n      throw new Error(err.message);\n    }\n  }\n}\n\nexport default new CreateUserController();\n"]},"_coverageSchema":"1a1c01bbd47fc00a2c39e90264f33305004495a9","hash":"ef6ac8171c17fe9d4b9caa26c8611ad12da5b12a","contentHash":"4e033e11df3aeed58b8fea6a3e88c287430644f6ef86981932d0590ab6b1cd5c"},"/home/tiago/Projetos/Estudo/SchoolOfNet/tests/AVA/api-test-ava/src/app/models/User.ts":{"path":"/home/tiago/Projetos/Estudo/SchoolOfNet/tests/AVA/api-test-ava/src/app/models/User.ts","statementMap":{"0":{"start":{"line":2,"column":22},"end":{"line":8,"column":3}},"1":{"start":{"line":3,"column":4},"end":{"line":3,"column":33}},"2":{"start":{"line":3,"column":26},"end":{"line":3,"column":33}},"3":{"start":{"line":4,"column":4},"end":{"line":4,"column":89}},"4":{"start":{"line":4,"column":71},"end":{"line":4,"column":83}},"5":{"start":{"line":6,"column":4},"end":{"line":6,"column":33}},"6":{"start":{"line":6,"column":26},"end":{"line":6,"column":33}},"7":{"start":{"line":7,"column":4},"end":{"line":7,"column":17}},"8":{"start":{"line":9,"column":25},"end":{"line":13,"column":2}},"9":{"start":{"line":10,"column":4},"end":{"line":10,"column":72}},"10":{"start":{"line":12,"column":4},"end":{"line":12,"column":21}},"11":{"start":{"line":14,"column":19},"end":{"line":20,"column":1}},"12":{"start":{"line":15,"column":4},"end":{"line":15,"column":42}},"13":{"start":{"line":15,"column":31},"end":{"line":15,"column":42}},"14":{"start":{"line":16,"column":17},"end":{"line":16,"column":19}},"15":{"start":{"line":17,"column":4},"end":{"line":17,"column":141}},"16":{"start":{"line":17,"column":21},"end":{"line":17,"column":141}},"17":{"start":{"line":17,"column":40},"end":{"line":17,"column":141}},"18":{"start":{"line":17,"column":109},"end":{"line":17,"column":141}},"19":{"start":{"line":18,"column":4},"end":{"line":18,"column":36}},"20":{"start":{"line":19,"column":4},"end":{"line":19,"column":18}},"21":{"start":{"line":21,"column":16},"end":{"line":29,"column":1}},"22":{"start":{"line":22,"column":28},"end":{"line":22,"column":110}},"23":{"start":{"line":22,"column":91},"end":{"line":22,"column":106}},"24":{"start":{"line":23,"column":4},"end":{"line":28,"column":7}},"25":{"start":{"line":24,"column":36},"end":{"line":24,"column":97}},"26":{"start":{"line":24,"column":42},"end":{"line":24,"column":70}},"27":{"start":{"line":24,"column":85},"end":{"line":24,"column":95}},"28":{"start":{"line":25,"column":35},"end":{"line":25,"column":100}},"29":{"start":{"line":25,"column":41},"end":{"line":25,"column":73}},"30":{"start":{"line":25,"column":88},"end":{"line":25,"column":98}},"31":{"start":{"line":26,"column":32},"end":{"line":26,"column":116}},"32":{"start":{"line":27,"column":8},"end":{"line":27,"column":78}},"33":{"start":{"line":30,"column":18},"end":{"line":56,"column":1}},"34":{"start":{"line":31,"column":12},"end":{"line":31,"column":104}},"35":{"start":{"line":31,"column":43},"end":{"line":31,"column":68}},"36":{"start":{"line":31,"column":57},"end":{"line":31,"column":68}},"37":{"start":{"line":31,"column":69},"end":{"line":31,"column":81}},"38":{"start":{"line":32,"column":4},"end":{"line":32,"column":157}},"39":{"start":{"line":32,"column":138},"end":{"line":32,"column":150}},"40":{"start":{"line":33,"column":23},"end":{"line":33,"column":68}},"41":{"start":{"line":33,"column":45},"end":{"line":33,"column":65}},"42":{"start":{"line":35,"column":8},"end":{"line":35,"column":70}},"43":{"start":{"line":35,"column":15},"end":{"line":35,"column":70}},"44":{"start":{"line":36,"column":8},"end":{"line":53,"column":66}},"45":{"start":{"line":36,"column":18},"end":{"line":53,"column":66}},"46":{"start":{"line":37,"column":12},"end":{"line":37,"column":169}},"47":{"start":{"line":37,"column":160},"end":{"line":37,"column":169}},"48":{"start":{"line":38,"column":12},"end":{"line":38,"column":52}},"49":{"start":{"line":38,"column":26},"end":{"line":38,"column":52}},"50":{"start":{"line":39,"column":12},"end":{"line":51,"column":13}},"51":{"start":{"line":40,"column":32},"end":{"line":40,"column":39}},"52":{"start":{"line":40,"column":40},"end":{"line":40,"column":46}},"53":{"start":{"line":41,"column":24},"end":{"line":41,"column":34}},"54":{"start":{"line":41,"column":35},"end":{"line":41,"column":72}},"55":{"start":{"line":42,"column":24},"end":{"line":42,"column":34}},"56":{"start":{"line":42,"column":35},"end":{"line":42,"column":45}},"57":{"start":{"line":42,"column":46},"end":{"line":42,"column":55}},"58":{"start":{"line":42,"column":56},"end":{"line":42,"column":65}},"59":{"start":{"line":43,"column":24},"end":{"line":43,"column":41}},"60":{"start":{"line":43,"column":42},"end":{"line":43,"column":55}},"61":{"start":{"line":43,"column":56},"end":{"line":43,"column":65}},"62":{"start":{"line":45,"column":20},"end":{"line":45,"column":128}},"63":{"start":{"line":45,"column":110},"end":{"line":45,"column":116}},"64":{"start":{"line":45,"column":117},"end":{"line":45,"column":126}},"65":{"start":{"line":46,"column":20},"end":{"line":46,"column":106}},"66":{"start":{"line":46,"column":81},"end":{"line":46,"column":97}},"67":{"start":{"line":46,"column":98},"end":{"line":46,"column":104}},"68":{"start":{"line":47,"column":20},"end":{"line":47,"column":89}},"69":{"start":{"line":47,"column":57},"end":{"line":47,"column":72}},"70":{"start":{"line":47,"column":73},"end":{"line":47,"column":80}},"71":{"start":{"line":47,"column":81},"end":{"line":47,"column":87}},"72":{"start":{"line":48,"column":20},"end":{"line":48,"column":87}},"73":{"start":{"line":48,"column":47},"end":{"line":48,"column":62}},"74":{"start":{"line":48,"column":63},"end":{"line":48,"column":78}},"75":{"start":{"line":48,"column":79},"end":{"line":48,"column":85}},"76":{"start":{"line":49,"column":20},"end":{"line":49,"column":42}},"77":{"start":{"line":49,"column":30},"end":{"line":49,"column":42}},"78":{"start":{"line":50,"column":20},"end":{"line":50,"column":33}},"79":{"start":{"line":50,"column":34},"end":{"line":50,"column":43}},"80":{"start":{"line":52,"column":12},"end":{"line":52,"column":39}},"81":{"start":{"line":53,"column":22},"end":{"line":53,"column":34}},"82":{"start":{"line":53,"column":35},"end":{"line":53,"column":41}},"83":{"start":{"line":53,"column":54},"end":{"line":53,"column":64}},"84":{"start":{"line":54,"column":8},"end":{"line":54,"column":35}},"85":{"start":{"line":54,"column":23},"end":{"line":54,"column":35}},"86":{"start":{"line":54,"column":36},"end":{"line":54,"column":89}},"87":{"start":{"line":57,"column":22},"end":{"line":59,"column":1}},"88":{"start":{"line":58,"column":4},"end":{"line":58,"column":62}},"89":{"start":{"line":60,"column":0},"end":{"line":60,"column":62}},"90":{"start":{"line":61,"column":17},"end":{"line":61,"column":50}},"91":{"start":{"line":62,"column":17},"end":{"line":62,"column":53}},"92":{"start":{"line":64,"column":17},"end":{"line":81,"column":2}},"93":{"start":{"line":82,"column":0},"end":{"line":95,"column":2}},"94":{"start":{"line":83,"column":4},"end":{"line":94,"column":7}},"95":{"start":{"line":85,"column":8},"end":{"line":93,"column":11}},"96":{"start":{"line":86,"column":12},"end":{"line":92,"column":13}},"97":{"start":{"line":87,"column":24},"end":{"line":87,"column":84}},"98":{"start":{"line":89,"column":20},"end":{"line":89,"column":37}},"99":{"start":{"line":90,"column":20},"end":{"line":90,"column":41}},"100":{"start":{"line":91,"column":20},"end":{"line":91,"column":42}},"101":{"start":{"line":96,"column":0},"end":{"line":108,"column":2}},"102":{"start":{"line":97,"column":4},"end":{"line":107,"column":7}},"103":{"start":{"line":99,"column":8},"end":{"line":106,"column":11}},"104":{"start":{"line":100,"column":12},"end":{"line":105,"column":13}},"105":{"start":{"line":101,"column":24},"end":{"line":101,"column":98}},"106":{"start":{"line":103,"column":20},"end":{"line":103,"column":39}},"107":{"start":{"line":104,"column":20},"end":{"line":104,"column":50}},"108":{"start":{"line":109,"column":0},"end":{"line":111,"column":2}},"109":{"start":{"line":110,"column":4},"end":{"line":110,"column":48}},"110":{"start":{"line":112,"column":11},"end":{"line":112,"column":55}},"111":{"start":{"line":113,"column":0},"end":{"line":113,"column":23}}},"fnMap":{"0":{"name":"(anonymous_0)","decl":{"start":{"line":2,"column":74},"end":{"line":2,"column":75}},"loc":{"start":{"line":2,"column":96},"end":{"line":5,"column":1}},"line":2},"1":{"name":"(anonymous_1)","decl":{"start":{"line":4,"column":58},"end":{"line":4,"column":59}},"loc":{"start":{"line":4,"column":69},"end":{"line":4,"column":85}},"line":4},"2":{"name":"(anonymous_2)","decl":{"start":{"line":5,"column":6},"end":{"line":5,"column":7}},"loc":{"start":{"line":5,"column":28},"end":{"line":8,"column":1}},"line":5},"3":{"name":"(anonymous_3)","decl":{"start":{"line":9,"column":80},"end":{"line":9,"column":81}},"loc":{"start":{"line":9,"column":95},"end":{"line":11,"column":1}},"line":9},"4":{"name":"(anonymous_4)","decl":{"start":{"line":11,"column":5},"end":{"line":11,"column":6}},"loc":{"start":{"line":11,"column":20},"end":{"line":13,"column":1}},"line":11},"5":{"name":"(anonymous_5)","decl":{"start":{"line":14,"column":50},"end":{"line":14,"column":51}},"loc":{"start":{"line":14,"column":65},"end":{"line":20,"column":1}},"line":14},"6":{"name":"(anonymous_6)","decl":{"start":{"line":21,"column":44},"end":{"line":21,"column":45}},"loc":{"start":{"line":21,"column":89},"end":{"line":29,"column":1}},"line":21},"7":{"name":"adopt","decl":{"start":{"line":22,"column":13},"end":{"line":22,"column":18}},"loc":{"start":{"line":22,"column":26},"end":{"line":22,"column":112}},"line":22},"8":{"name":"(anonymous_8)","decl":{"start":{"line":22,"column":70},"end":{"line":22,"column":71}},"loc":{"start":{"line":22,"column":89},"end":{"line":22,"column":108}},"line":22},"9":{"name":"(anonymous_9)","decl":{"start":{"line":23,"column":36},"end":{"line":23,"column":37}},"loc":{"start":{"line":23,"column":63},"end":{"line":28,"column":5}},"line":23},"10":{"name":"fulfilled","decl":{"start":{"line":24,"column":17},"end":{"line":24,"column":26}},"loc":{"start":{"line":24,"column":34},"end":{"line":24,"column":99}},"line":24},"11":{"name":"rejected","decl":{"start":{"line":25,"column":17},"end":{"line":25,"column":25}},"loc":{"start":{"line":25,"column":33},"end":{"line":25,"column":102}},"line":25},"12":{"name":"step","decl":{"start":{"line":26,"column":17},"end":{"line":26,"column":21}},"loc":{"start":{"line":26,"column":30},"end":{"line":26,"column":118}},"line":26},"13":{"name":"(anonymous_13)","decl":{"start":{"line":30,"column":48},"end":{"line":30,"column":49}},"loc":{"start":{"line":30,"column":73},"end":{"line":56,"column":1}},"line":30},"14":{"name":"(anonymous_14)","decl":{"start":{"line":31,"column":
[...]
"loc":{"start":{"line":2,"column":57},"end":{"line":8,"column":2}},"type":"cond-expr","locations":[{"start":{"line":2,"column":74},"end":{"line":5,"column":1}},{"start":{"line":5,"column":6},"end":{"line":8,"column":1}}],"line":2},"2":{"loc":{"start":{"line":3,"column":4},"end":{"line":3,"column":33}},"type":"if","locations":[{"start":{"line":3,"column":4},"end":{"line":3,"column":33}},{"start":{"line":3,"column":4},"end":{"line":3,"column":33}}],"line":3},"3":{"loc":{"start":{"line":6,"column":4},"end":{"line":6,"column":33}},"type":"if","locations":[{"start":{"line":6,"column":4},"end":{"line":6,"column":33}},{"start":{"line":6,"column":4},"end":{"line":6,"column":33}}],"line":6},"4":{"loc":{"start":{"line":9,"column":25},"end":{"line":13,"column":2}},"type":"binary-expr","locations":[{"start":{"line":9,"column":26},"end":{"line":9,"column":30}},{"start":{"line":9,"column":34},"end":{"line":9,"column":57}},{"start":{"line":9,"column":63},"end":{"line":13,"column":1}}],"line":9},"5":{"loc":{"start":{"line":9,"column":63},"end":{"line":13,"column":1}},"type":"cond-expr","locations":[{"start":{"line":9,"column":80},"end":{"line":11,"column":1}},{"start":{"line":11,"column":5},"end":{"line":13,"column":1}}],"line":9},"6":{"loc":{"start":{"line":14,"column":19},"end":{"line":20,"column":1}},"type":"binary-expr","locations":[{"start":{"line":14,"column":20},"end":{"line":14,"column":24}},{"start":{"line":14,"column":28},"end":{"line":14,"column":45}},{"start":{"line":14,"column":50},"end":{"line":20,"column":1}}],"line":14},"7":{"loc":{"start":{"line":15,"column":4},"end":{"line":15,"column":42}},"type":"if","locations":[{"start":{"line":15,"column":4},"end":{"line":15,"column":42}},{"start":{"line":15,"column":4},"end":{"line":15,"column":42}}],"line":15},"8":{"loc":{"start":{"line":15,"column":8},"end":{"line":15,"column":29}},"type":"binary-expr","locations":[{"start":{"line":15,"column":8},"end":{"line":15,"column":11}},{"start":{"line":15,"column":15},"end":{"line":15,"column":29}}],"line":15},"9":{"loc":{"start":{"line":17,"column":4},"end":{"line":17,"column":141}},"type":"if","locations":[{"start":{"line":17,"column":4},"end":{"line":17,"column":141}},{"start":{"line":17,"column":4},"end":{"line":17,"column":141}}],"line":17},"10":{"loc":{"start":{"line":17,"column":40},"end":{"line":17,"column":141}},"type":"if","locations":[{"start":{"line":17,"column":40},"end":{"line":17,"column":141}},{"start":{"line":17,"column":40},"end":{"line":17,"column":141}}],"line":17},"11":{"loc":{"start":{"line":17,"column":44},"end":{"line":17,"column":107}},"type":"binary-expr","locations":[{"start":{"line":17,"column":44},"end":{"line":17,"column":59}},{"start":{"line":17,"column":63},"end":{"line":17,"column":107}}],"line":17},"12":{"loc":{"start":{"line":21,"column":16},"end":{"line":29,"column":1}},"type":"binary-expr","locations":[{"start":{"line":21,"column":17},"end":{"line":21,"column":21}},{"start":{"line":21,"column":25},"end":{"line":21,"column":39}},{"start":{"line":21,"column":44},"end":{"line":29,"column":1}}],"line":21},"13":{"loc":{"start":{"line":22,"column":35},"end":{"line":22,"column":109}},"type":"cond-expr","locations":[{"start":{"line":22,"column":56},"end":{"line":22,"column":61}},{"start":{"line":22,"column":64},"end":{"line":22,"column":109}}],"line":22},"14":{"loc":{"start":{"line":23,"column":16},"end":{"line":23,"column":34}},"type":"binary-expr","locations":[{"start":{"line":23,"column":16},"end":{"line":23,"column":17}},{"start":{"line":23,"column":22},"end":{"line":23,"column":33}}],"line":23},"15":{"loc":{"start":{"line":26,"column":32},"end":{"line":26,"column":115}},"type":"cond-expr","locations":[{"start":{"line":26,"column":46},"end":{"line":26,"column":67}},{"start":{"line":26,"column":70},"end":{"line":26,"column":115}}],"line":26},"16":{"loc":{"start":{"line":27,"column":51},"end":{"line":27,"column":67}},"type":"binary-expr","locations":[{"start":{"line":27,"column":51},"end":{"line":27,"column":61}},{"start":{"line":27,"column":65},"end":{"line":27,"column":67}}],"line":27},"17":{"loc":{"start":{"line":30,"column":18},"end":{"line":56,"column":1}},"type":"binary-expr","locations":[{"start":{"line":30,"column":19},"end":{"line":30,"column":23}},{"start":{"line":30,"column":27},"end":{"line":30,"column":43}},{"start":{"line":30,"column":48},"end":{"line":56,"column":1}}],"line":30},"18":{"loc":{"start":{"line":31,"column":43},"end":{"line":31,"column":68}},"type":"if","locations":[{"start":{"line":31,"column":43},"end":{"line":31,"column":68}},{"start":{"line":31,"column":43},"end":{"line":31,"column":68}}],"line":31},"19":{"loc":{"start":{"line":32,"column":71},"end":{"line":32,"column":153}},"type":"binary-expr","locations":[{"start":{"line":32,"column":71},"end":{"line":32,"column":99}},{"start":{"line":32,"column":104},"end":{"line":32,"column":152}}],"line":32},"20":{"loc":{"start":{"line":35,"column":8},"end":{"line":35,"column":70}},"type":"if","locations":[{"start":{"line":35,"column":8},"end":{"line":35,"column":70}},{"start":{"line":35,"column":8},"end":{"line":35,"column":70}}],"line":35},"21":{"loc":{"start":{"line":37,"column":12},"end":{"line":37,"column":169}},"type":"if","locations":[{"start":{"line":37,"column":12},"end":{"line":37,"column":169}},{"start":{"line":37,"column":12},"end":{"line":37,"column":169}}],"line":37},"22":{"loc":{"start":{"line":37,"column":23},"end":{"line":37,"column":158}},"type":"binary-expr","locations":[{"start":{"line":37,"column":23},"end":{"line":37,"column":24}},{"start":{"line":37,"column":29},"end":{"line":37,"column":125}},{"start":{"line":37,"column":130},"end":{"line":37,"column":158}}],"line":37},"23":{"loc":{"start":{"line":37,"column":33},"end":{"line":37,"column":125}},"type":"cond-expr","locations":[{"start":{"line":37,"column":45},"end":{"line":37,"column":56}},{"start":{"line":37,"column":59},"end":{"line":37,"column":125}}],"line":37},"24":{"loc":{"start":{"line":37,"column":59},"end":{"line":37,"column":125}},"type":"cond-expr","locations":[{"start":{"line":37,"column":67},"end":{"line":37,"column":116}},{"start":{"line":37,"column":119},"end":{"line":37,"column":125}}],"line":37},"25":{"loc":{"start":{"line":37,"column":67},"end":{"line":37,"column":116}},"type":"binary-expr","locations":[{"start":{"line":37,"column":67},"end":{"line":37,"column":77}},{"start":{"line":37,"column":82},"end":{"line":37,"column":115}}],"line":37},"26":{"loc":{"start":{"line":37,"column":82},"end":{"line":37,"column":112}},"type":"binary-expr","locations":[{"start":{"line":37,"column":83},"end":{"line":37,"column":98}},{"start":{"line":37,"column":103},"end":{"line":37,"column":112}}],"line":37},"27":{"loc":{"start":{"line":38,"column":12},"end":{"line":38,"column":52}},"type":"if","locations":[{"start":{"line":38,"column":12},"end":{"line":38,"column":52}},{"start":{"line":38,"column":12},"end":{"line":38,"column":52}}],"line":38},"28":{"loc":{"start":{"line":39,"column":12},"end":{"line":51,"column":13}},"type":"switch","locations":[{"start":{"line":40,"column":16},"end":{"line":40,"column":23}},{"start":{"line":40,"column":24},"end":{"line":40,"column":46}},{"start":{"line":41,"column":16},"end":{"line":41,"column":72}},{"start":{"line":42,"column":16},"end":{"line":42,"column":65}},{"start":{"line":43,"column":16},"end":{"line":43,"column":65}},{"start":{"line":44,"column":16},"end":{"line":50,"column":43}}],"line":39},"29":{"loc":{"start":{"line":45,"column":20},"end":{"line":45,"column":128}},"type":"if","locations":[{"start":{"line":45,"column":20},"end":{"line":45,"column":128}},{"start":{"line":45,"column":20},"end":{"line":45,"column":128}}],"line":45},"30":{"loc":{"start":{"line":45,"column":24},"end":{"line":45,"column":106}},"type":"binary-expr","locations":[{"start":{"line":45,"column":24},"end":{"line":45,"column":74}},{"start":{"line":45,"column":79},"end":{"line":45,"column":90}},{"start":{"line":45,"column":94},"end":{"line":45,"column":105}}],"line":45},"31":{"loc":{"start":{"line":45,"column":42},"end":{"line":45,"column":73}},"type":"binary-expr","locations":[{"start":{"line":45,"column":42},"end":{"line":45,"column":54}},{"start":{"line":45,"column":58},"end":{"line":45,"column":73}}],"line":45},"32":{"loc":{"start":{"line":46,"column":20},"end":{"line":46,"column":106}},"type":"if","locations":[{"start":{"line":46,"column":20},"end":{"line":46,"column":106}},{"start":{"line":46,"column":20},"end":{"line":46,"column":106}}],"line":46},"33":{"loc":{"start":{"line":46,"column":24},"end":{"line":46,"column":77}},"type":"binary-expr","locations":[{"start":{"line":46,"column":24},"end":{"line":46,"column":35}},{"start":{"line":46,"column":40},"end":{"line":46,"column":42}},{"start":{"line":46,"column":47},"end":{"line":46,"column":59}},{"start":{"line":46,"column":63},"end":{"line":46,"column":75}}],"line":46},"34":{"loc":{"start":{"line":47,"column":20},"end":{"line":47,"column":89}},"type":"if","locations":[{"start":{"line":47,"column":20},"end":{"line":47,"column":89}},{"start":{"line":47,"column":20},"end":{"line":47,"column":89}}],"line":47},"35":{"loc":{"start":{"line":47,"column":24},"end":{"line":47,"column":53}},"type":"binary-expr","locations":[{"start":{"line":47,"column":24},"end":{"line":47,"column":35}},{"start":{"line":47,"column":39},"end":{"line":47,"column":53}}],"line":47},"36":{"loc":{"start":{"line":48,"column":20},"end":{"line":48,"column":87}},"type":"if","locations":[{"start":{"line":48,"column":20},"end":{"line":48,"column":87}},{"start":{"line":48,"column":20},"end":{"line":48,"column":87}}],"line":48},"37":{"loc":{"start":{"line":48,"column":24},"end":{"line":48,"column":43}},"type":"binary-expr","locations":[{"start":{"line":48,"column":24},"end":{"line":48,"column":25}},{"start":{"line":48,"column":29},"end":{"line":48,"column":43}}],"line":48},"38":{"loc":{"start":{"line":49,"column":20},"end":{"line":49,"column":42}},"type":"if","locations":[{"start":{"line":49,"column":20},"end":{"line":49,"column":42}},{"start":{"line":49,"column":20},"end":{"line":49,"column":42}}],"line":49},"39":{"loc":{"start":{"line":54,"column":8},"end":{"line":54,"column":35}},"type":"if","locations":[{"start":{"line":54,"column":8},"end":{"line":54,"column":35}},{"start":{"line":54,"column":8},"end":{"line":54,"column":35}}],"line":54},"40":{"loc":{"start":{"line":54,"column":52},"end":{"line":54,"column":74}},"type":"cond-expr","locations":[{"start":{"line":54,"column":60},"end":{"line":54,"column":65}},{"start":{"line":54,"column":68},"end":{"line":54,"column":74}}],"line":54},"41":{"loc":{"start":{"line":57,"column":22},"end":{"line":59,"column":1}},"type":"binary-expr","locations":[{"start":{"line":57,"column":23},"end":{"line":57,"column":27}},{"start":{"line":57,"column":31},"end":{"line":57,"column":51}},{"start":{"line":57,"column":56},"end":{"line":59,"column":1}}],"line":57},"42":{"loc":{"start":{"line":58,"column":11},"end":{"line":58,"column":61}},"type":"cond-expr","locations":[{"start":{"line":58,"column":37},"end":{"line":58,"column":40}},{"start":{"line":58,"column":43},"end":{"line":58,"column":61}}],"line":58},"43":{"loc":{"start":{"line":58,"column":12},"end":{"line":58,"column":33}},"type":"binary-expr","locations":[{"start":{"line":58,"column":12},"end":{"line":58,"column":15}},{"start":{"line":58,"column":19},"end":{"line":58,"column":33}}],"line":58},"44":{"loc":{"start":{"line":86,"column":12},"end":{"line":92,"column":13}},"type":"switch","locations":[{"start":{"line":87,"column":16},"end":{"line":87,"column":84}},{"start":{"line":88,"column":16},"end":{"line":91,"column":42}}],"line":86},"45":{"loc":{"start":{"line":100,"column":12},"end":{"line":105,"column":13}},"type":"switch","locations":[{"start":{"line":101,"column":16},"end":{"line":101,"column":98}},{"start":{"line":102,"column":16},"end":{"line":104,"column":50}}],"line":100}},"s":{"0":1,"1":9,"2":9,"3":9,"4":1,"5":0,"6":0,"7":0,"8":1,"9":1,"10":0,"11":1,"12":1,"13":0,"14":1,"15":1,"16":1,"17":51,"18":9,"19":1,"20":1,"21":1,"22":2,"23":0,"24":2,"25":2,"26":2,"27":0,"28":0,"29":0,"30":0,"31":4,"32":2,"33":1,"34":2,"35":2,"36":0,"37":2,"38":2,"39":0,"40":6,"41":4,"42":4,"43":0,"44":4,"45":8,"46":8,"47":0,"48":8,"49":0,"50":8,"51":4,"52":4,"53":2,"54":2,"55":0,"56":0,"57":0,"58":0,"59":0,"60":0,"61":0,"62":2,"63":2,"64":2,"65":0,"66":0,"67":0,"68":0,"69":0,"70":0,"71":0,"72":0,"73":0,"74":0,"75":0,"76":0,"77":0,"78":0,"79":0,"80":4,"81":0,"82":0,"83":8,"84":2,"85":0,"86":2,"87":1,"88":1,"89":1,"90":1,"91":1,"92":1,"93":1,"94":2,"95":2,"96":4,"97":2,"98":2,"99":2,"100":2,"101":1,"102":0,"103":0,"104":0,"105":0,"106":0,"107":0,"108":1,"109":0,"110":1,"111":1},"f":{"0":9,"1":1,"2":0,"3":1,"4":0,"5":1,"6":2,"7":2,"8":0,"9":2,"10":2,"11":0,"12":4,"13":2,"14":2,"15":0,"16":6,"17":4,"18":4,"19":1,"20":2,"21":2,"22":4,"23":0,"24":0,"25":0,"26":0},"b":{"0":[1,1,1],"1":[1,0],"2":[9,0],"3":[0,0],"4":[1,1,1],"5":[1,0],"6":[1,1,1],"7":[0,1],"8":[1,1],"9":[1,0],"10":[9,42],"11":[51,51],"12":[1,1,1],"13":[2,0],"14":[2,2],"15":[2,2],"16":[2,2],"17":[1,1,1],"18":[0,2],"19":[2,2],"20":[0,4],"21":[0,8],"22":[8,0,0],"23":[0,0],"24":[0,0],"25":[0,0],"26":[0,0],"27":[0,8],"28":[4,4,2,0,0,2],"29":[2,0],"30":[2,2,2],"31":[2,0],"32":[0,0],"33":[0,0,0,0],"34":[0,0],"35":[0,0],"36":[0,0],"37":[0,0],"38":[0,0],"39":[0,2],"40":[2,0],"41":[1,1,1],"42":[0,1],"43":[1,1],"44":[2,2],"45":[0,0]},"inputSourceMap":{"version":3,"file":"/home/tiago/Projetos/Estudo/SchoolOfNet/tests/AVA/api-test-ava/src/app/models/User.ts","sources":["/home/tiago/Projetos/Estudo/SchoolOfNet/tests/AVA/api-test-ava/src/app/models/User.ts"],"names":[],"mappings":";;;;;;;;;;;;;;;;;;;;;;;;;;;;;;;;;;;;;;;;;;;;;;;;;;;;;;;;;;;;AAAA,mDAA4D;AAC5D,sDAA8B;AAO7B,CAAC;AAWF,IAAM,UAAU,GAA0B,IAAI,iBAAM,CAAC;IACnD,IAAI,EAAE;QACJ,IAAI,EAAE,MAAM;QACZ,QAAQ,EAAE,IAAI;KACf;IACD,QAAQ,EAAE;QACR,IAAI,EAAE,MAAM;QACZ,QAAQ,EAAE,IAAI;KACf;IACD,KAAK,EAAE;QACL,IAAI,EAAE,MAAM;QACZ,OAAO,EAAE,IAAI;KACd;IACD,QAAQ,EAAE;QACR,IAAI,EAAE,MAAM;QACZ,QAAQ,EAAE,IAAI;KACf;CACF,CAAC,CAAA;AAEF,UAAU,CAAC,OAAO,CAAC,WAAW,GAAG,UAAgB,QAAgB;;;;;wBAClD,qBAAM,kBAAM,CAAC,IAAI,CAAC,QAAQ,EAAE,EAAE,CAAC,EAAA;;oBAAtC,IAAI,GAAG,SAA+B;oBAC5C,IAAI,CAAC,QAAQ,GAAG,IAAI,CAAA;;;;;CACrB,CAAA;AAED,UAAU,CAAC,OAAO,CAAC,aAAa,GAAG,UAAgB,QAAgB;;;;;wBAClD,qBAAM,kBAAM,CAAC,OAAO,CAAC,QAAQ,EAAE,IAAI,CAAC,QAAQ,CAAC,EAAA;;oBAAtD,MAAM,GAAG,SAA6C;oBAC5D,sBAAO,MAAM,EAAA;;;;CACd,CAAA;AAED,UAAU,CAAC,OAAO,CAAC,cAAc,GAAG,UAAU,QAAgB;IAC5D,OAAO,IAAI,CAAC,OAAO,CAAC,EAAE,QAAQ,UAAA,EAAE,CAAC,CAAA;AACnC,CAAC,CAAA;AAED,IAAM,IAAI,GAAG,kBAAQ,CAAC,KAAK,CAA4B,MAAM,EAAE,UAAU,CAAC,CAAA;AAC1E,kBAAe,IAAI,CAAA","sourcesContent":["import mongoose,{ Schema, Document, Model } from 'mongoose';\nimport bcrypt from 'bcryptjs';\n\nexport interface IUser extends Document {\n  name: string; \n  username: string; \n  email: string; \n  password: string; \n};\n\ninterface IUserDocument extends IUser, Document {\n  setPassword: (password: string) => Promise<void>\n  checkPassword: (password: string) => Promise<boolean>\n}\n\ninterface IUserModel extends Model<IUserDocument> {\n  findByUsername: (username: string) => Promise<IUserDocument>\n}\n\nconst UserSchema: Schema<IUserDocument> = new Schema({\n  name: {\n    type: String,\n    required: true\n  },\n  username: {\n    type: String,\n    required: true\n  },\n  email: {\n    type: String,\n    require: true\n  },\n  password: {\n    type: String,\n    required: true\n  }\n})\n\nUserSchema.methods.setPassword = async function (password: string) {\n  const hash = await bcrypt.hash(password, 10)\n  this.password = hash\n}\n\nUserSchema.methods.checkPassword = async function (password: string) {\n  const result = await bcrypt.compare(password, this.password)\n  return result\n}\n\nUserSchema.statics.findByUsername = function (username: string) {\n  return this.findOne({ username })\n}\n\nconst User = mongoose.model<IUserDocument, IUserModel>(\"User\", UserSchema)\nexport default User"]},"_coverageSchema":"1a1c01bbd47fc00a2c39e90264f33305004495a9","hash":"ab23cd9abec9fec5929741cf64a4f678f09a8236","contentHash":"5d66402c961e6aedd892cd377bb1b2f3de1e8364f47dae89a864f9f75c61b310"},"/home/tiago/Projetos/Estudo/SchoolOfNet/tests/AVA/api-test-ava/src/database/index.ts":{"path":"/home/tiago/Projetos/Estudo/SchoolOfNet/tests/AVA/api-test-ava/src/database/index.ts","statementMap":{"0":{"start":{"line":2,"column":22},"end":{"line":4,"column":1}},"1":{"start":{"line":3,"column":4},"end":{"line":3,"column":62}},"2":{"start":{"line":5,"column":0},"end":{"line":5,"column":62}},"3":{"start":{"line":6,"column":17},"end":{"line":6,"column":53}},"4":{"start":{"line":7,"column":30},"end":{"line":21,"column":3}},"5":{"start":{"line":9,"column":8},"end":{"line":9,"column":21}},"6":{"start":{"line":10,"column":8},"end":{"line":10,"column":45}},"7":{"start":{"line":12,"column":4},"end":{"line":19,"column":6}},"8":{"start":{"line":13,"column":23},"end":{"line":13,"column":59}},"9":{"start":{"line":14,"column":8},"end":{"line":18,"column":11}},"10":{"start":{"line":20,"column":4},"end":{"line":20,"column":20}},"11":{"start":{"line":22,"column":0},"end":{"line":22,"column":33}}},"fnMap":{"0":{"name":"(anonymous_0)","decl":{"start":{"line":2,"column":56},"end":{"line":2,"column":57}},"loc":{"start":{"line":2,"column":71},"end":{"line":4,"column":1}},"line":2},"1":{"name":"(anonymous_1)","decl":{"start":{"line":7,"column":30},"end":{"line":7,"column":31}},"loc":{"start":{"line":7,"column":42},"end":{"line":21,"column":1}},"line":7},"2":{"name":"Database","decl":{"start":{"line":8,"column":13},"end":{"line":8,"column":21}},"loc":{"start":{"line":8,"column":24},"end":{"line":11,"column":5}},"line":8},"3":{"name":"(anonymous_3)","decl":{"start":{"line":12,"column":31},"end":{"line":12,"column":32}},"loc":{"start":{"line":12,"column":43},"end":{"line":19,"column":5}},"line":12}},"branchMap":{"0":{"loc":{"start":{"line":2,"column":22},"end":{"line":4,"column":1}},"type":"binary-expr","locations":[{"start":{"line":2,"column":23},"end":{"line":2,"column":27}},{"start":{"line":2,"column":31},"end":{"line":2,"column":51}},{"start":{"line":2,"column":56},"end":{"line":4,"column":1}}],"line":2},"1":{"loc":{"start":{"line":3,"column":11},"end":{"line":3,"column":61}},"type":"cond-expr","locations":[{"start":{"line":3,"column":37},"end":{"line":3,"column":40}},{"start":{"line":3,"column":43},"end":{"line":3,"column":61}}],"line":3},"2":{"loc":{"start":{"line":3,"column":12},"end":{"line":3,"column":33}},"type":"binary-expr","locations":[{"start":{"line":3,"column":12},"end":{"line":3,"column":15}},{"start":{"line":3,"column":19},"end":{"line":3,"column":33}}],"line":3}},"s":{"0":1,"1":1,"2":1,"3":1,"4":1,"5":1,"6":1,"7":1,"8":1,"9":1,"10":1,"11":1},"f":{"0":1,"1":1,"2":1,"3":1},"b":{"0":[1,1,1],"1":[0,1],"2":[1,1]},"inputSourceMap":{"version":3,"file":"/home/tiago/Projetos/Estudo/SchoolOfNet/tests/AVA/api-test-ava/src/database/index.ts","sources":["/home/tiago/Projetos/Estudo/SchoolOfNet/tests/AVA/api-test-ava/src/database/index.ts"],"names":[],"mappings":";;;;;AAAA,sDAAgC;AAEhC;IAEE;QACE,IAAI,CAAC,KAAK,EAAE,CAAC;QACb,OAAO,CAAC,GAAG,CAAC,uBAAuB,CAAC,CAAC;IACvC,CAAC;IAED,wBAAK,GAAL;QACE,IAAM,QAAQ,GAAG,oCAAoC,CAAC;QACrD,kBAAQ,CAAC,OAAO,CAAC,QAAQ,EAAE;YAC1B,eAAe,EAAE,IAAI;YACrB,gBAAgB,EAAE,IAAI;YACtB,kBAAkB,EAAE,IAAI;SACzB,CAAC,CAAC;IACL,CAAC;IACH,eAAC;AAAD,CAAC,AAfD,IAeC;AACD,kBAAe,IAAI,QAAQ,EAAE,CAAC","sourcesContent":["import mongoose from 'mongoose';\n\nclass Database {\n  \n  constructor() {\n    this.mongo();\n    console.log('connected on mongoose');\n  }\n\n  mongo() {\n    const mongoURI = `mongodb://localhost:27017/node_api`;\n     mongoose.connect(mongoURI, {\n      useNewUrlParser: true,\n      useFindAndModify: true,\n      useUnifiedTopology: true\n    });\n  }\n}\nexport default new Database();\n"]},"_coverageSchema":"1a1c01bbd47fc00a2c39e90264f33305004495a9","hash":"6748ae3c7da737a29e21eabbd8447355c755337e","contentHash":"d71885687a2cc498d750063dc64eba425717c67e3002bdb78fa2202a49755dc7"}}